#
# There is insufficient memory for the Java Runtime Environment to continue.
# Native memory allocation (mmap) failed to map 264241152 bytes for G1 virtual space
# Possible reasons:
#   The system is out of physical RAM or swap space
#   The process is running with CompressedOops enabled, and the Java Heap may be blocking the growth of the native heap
# Possible solutions:
#   Reduce memory load on the system
#   Increase physical memory or swap space
#   Check if swap backing store is full
#   Decrease Java heap size (-Xmx/-Xms)
#   Decrease number of Java threads
#   Decrease Java thread stack sizes (-Xss)
#   Set larger code cache with -XX:ReservedCodeCacheSize=
#   JVM is running with Zero Based Compressed Oops mode in which the Java heap is
#     placed in the first 32GB address space. The Java Heap base address is the
#     maximum limit for the native heap growth. Please use -XX:HeapBaseMinAddress
#     to set the Java Heap base and to place the Java Heap above 32GB virtual address.
# This output file may be truncated or incomplete.
#
#  Out of Memory Error (os_windows.cpp:3532), pid=22860, tid=212
#
# JRE version:  (17.0.2+8) (build )
# Java VM: OpenJDK 64-Bit Server VM (17.0.2+8, mixed mode, sharing, tiered, compressed oops, compressed class ptrs, g1 gc, windows-amd64)
# No core dump will be written. Minidumps are not enabled by default on client versions of Windows
#

---------------  S U M M A R Y ------------

Command Line: -ea -Dfile.encoding=Cp1252 -XX:+ShowCodeDetailsInExceptionMessages org.testng.remote.RemoteTestNG -serport 52654 -protocol json -d C:\Users\Ahmed\Desktop\abchallange\storechallange\test-output C:\Users\Ahmed\AppData\Local\Temp\testng-eclipse-1107336770\testng-customsuite.xml

Host: Intel(R) Core(TM) i7-10610U CPU @ 1.80GHz, 8 cores, 15G,  Windows 10 , 64 bit Build 19041 (10.0.19041.2913)
Time: Thu Aug 24 23:57:45 2023 Argentina Standard Time elapsed time: 0.017317 seconds (0d 0h 0m 0s)

---------------  T H R E A D  ---------------

Current thread (0x00000275b1dfb850):  JavaThread "Unknown thread" [_thread_in_vm, id=212, stack(0x0000007b64100000,0x0000007b64200000)]

Stack: [0x0000007b64100000,0x0000007b64200000]
Native frames: (J=compiled Java code, j=interpreted, Vv=VM code, C=native code)
V  [jvm.dll+0x67564a]
V  [jvm.dll+0x82fc04]
V  [jvm.dll+0x8313ae]
V  [jvm.dll+0x831a13]
V  [jvm.dll+0x245235]
V  [jvm.dll+0x672539]
V  [jvm.dll+0x666e82]
V  [jvm.dll+0x30401b]
V  [jvm.dll+0x30b566]
V  [jvm.dll+0x35b1fe]
V  [jvm.dll+0x35b42f]
V  [jvm.dll+0x2daf58]
V  [jvm.dll+0x2dbec4]
V  [jvm.dll+0x801881]
V  [jvm.dll+0x368f81]
V  [jvm.dll+0x7e0cdc]
V  [jvm.dll+0x3eb8bf]
V  [jvm.dll+0x3ed441]
C  [jli.dll+0x5277]
C  [ucrtbase.dll+0x21bb2]
C  [KERNEL32.DLL+0x17614]
C  [ntdll.dll+0x526a1]


---------------  P R O C E S S  ---------------

Threads class SMR info:
_java_thread_list=0x00007ffff2485e98, length=0, elements={
}

Java Threads: ( => current thread )

Other Threads:
  0x00000275b1e4a450 GCTaskThread "GC Thread#0" [stack: 0x0000007b64200000,0x0000007b64300000] [id=12820]
  0x00000275b1e5c610 ConcurrentGCThread "G1 Main Marker" [stack: 0x0000007b64300000,0x0000007b64400000] [id=20764]
  0x00000275b1e5d020 ConcurrentGCThread "G1 Conc#0" [stack: 0x0000007b64400000,0x0000007b64500000] [id=22032]

[error occurred during error reporting (printing all threads), id 0xc0000005, EXCEPTION_ACCESS_VIOLATION (0xc0000005) at pc=0x00007ffff1c5b9d7]

VM state: not at safepoint (not fully initialized)

VM Mutex/Monitor currently owned by a thread:  ([mutex/lock_event])
[0x00000275b1df5c20] Heap_lock - owner thread: 0x00000275b1dfb850

Heap address: 0x0000000705200000, size: 4014 MB, Compressed Oops mode: Zero based, Oop shift amount: 3

CDS archive(s) mapped at: [0x0000000000000000-0x0000000000000000-0x0000000000000000), size 0, SharedBaseAddress: 0x0000000800000000, ArchiveRelocationMode: 0.
Narrow klass base: 0x0000000000000000, Narrow klass shift: 0, Narrow klass range: 0x0

GC Precious Log:
<Empty>

Heap:
 garbage-first heap   total 0K, used 0K [0x0000000705200000, 0x0000000800000000)
  region size 2048K, 0 young (0K), 0 survivors (0K)

[error occurred during error reporting (printing heap information), id 0xc0000005, EXCEPTION_ACCESS_VIOLATION (0xc0000005) at pc=0x00007ffff203e899]

GC Heap History (0 events):
No events

Deoptimization events (0 events):
No events

Classes unloaded (0 events):
No events

Classes redefined (0 events):
No events

Internal exceptions (0 events):
No events

VM Operations (0 events):
No events

Events (1 events):
Event: 0.010 Loaded shared library C:\Users\Ahmed\.p2\pool\plugins\org.eclipse.justj.openjdk.hotspot.jre.full.win32.x86_64_17.0.2.v20220201-1208\jre\bin\java.dll


Dynamic libraries:
0x00007ff6e7a20000 - 0x00007ff6e7a2e000 	C:\Users\Ahmed\.p2\pool\plugins\org.eclipse.justj.openjdk.hotspot.jre.full.win32.x86_64_17.0.2.v20220201-1208\jre\bin\javaw.exe
0x00007ff834f50000 - 0x00007ff835148000 	C:\WINDOWS\SYSTEM32\ntdll.dll
0x00007ff834aa0000 - 0x00007ff834b5f000 	C:\WINDOWS\System32\KERNEL32.DLL
0x00007ff832a70000 - 0x00007ff832d66000 	C:\WINDOWS\System32\KERNELBASE.dll
0x00007ff832d70000 - 0x00007ff832e70000 	C:\WINDOWS\System32\ucrtbase.dll
0x00007ff82c1e0000 - 0x00007ff82c1f9000 	C:\Users\Ahmed\.p2\pool\plugins\org.eclipse.justj.openjdk.hotspot.jre.full.win32.x86_64_17.0.2.v20220201-1208\jre\bin\VCRUNTIME140.dll
0x00007ff8249b0000 - 0x00007ff8249c8000 	C:\Users\Ahmed\.p2\pool\plugins\org.eclipse.justj.openjdk.hotspot.jre.full.win32.x86_64_17.0.2.v20220201-1208\jre\bin\jli.dll
0x00007ff833c80000 - 0x00007ff833e1d000 	C:\WINDOWS\System32\USER32.dll
0x00007ff81b380000 - 0x00007ff81b61a000 	C:\WINDOWS\WinSxS\amd64_microsoft.windows.common-controls_6595b64144ccf1df_6.0.19041.1110_none_60b5254171f9507e\COMCTL32.dll
0x00007ff8329c0000 - 0x00007ff8329e2000 	C:\WINDOWS\System32\win32u.dll
0x00007ff8332b0000 - 0x00007ff83334e000 	C:\WINDOWS\System32\msvcrt.dll
0x00007ff834b60000 - 0x00007ff834b8c000 	C:\WINDOWS\System32\GDI32.dll
0x00007ff832830000 - 0x00007ff832945000 	C:\WINDOWS\System32\gdi32full.dll
0x00007ff832790000 - 0x00007ff83282d000 	C:\WINDOWS\System32\msvcp_win.dll
0x00007ff8346b0000 - 0x00007ff8346e0000 	C:\WINDOWS\System32\IMM32.DLL
0x00007ff82dc10000 - 0x00007ff82dc1c000 	C:\Users\Ahmed\.p2\pool\plugins\org.eclipse.justj.openjdk.hotspot.jre.full.win32.x86_64_17.0.2.v20220201-1208\jre\bin\vcruntime140_1.dll
0x00007ff80f9f0000 - 0x00007ff80fa81000 	C:\Users\Ahmed\.p2\pool\plugins\org.eclipse.justj.openjdk.hotspot.jre.full.win32.x86_64_17.0.2.v20220201-1208\jre\bin\msvcp140.dll
0x00007ffff1970000 - 0x00007ffff25b7000 	C:\Users\Ahmed\.p2\pool\plugins\org.eclipse.justj.openjdk.hotspot.jre.full.win32.x86_64_17.0.2.v20220201-1208\jre\bin\server\jvm.dll
0x00007ff8346e0000 - 0x00007ff83478f000 	C:\WINDOWS\System32\ADVAPI32.dll
0x00007ff832fb0000 - 0x00007ff83304c000 	C:\WINDOWS\System32\sechost.dll
0x00007ff833050000 - 0x00007ff833176000 	C:\WINDOWS\System32\RPCRT4.dll
0x00007ff833e20000 - 0x00007ff833e28000 	C:\WINDOWS\System32\PSAPI.DLL
0x00007ff82bed0000 - 0x00007ff82bed9000 	C:\WINDOWS\SYSTEM32\WSOCK32.dll
0x00007ff834890000 - 0x00007ff8348fb000 	C:\WINDOWS\System32\WS2_32.dll
0x00007ff8270b0000 - 0x00007ff8270ba000 	C:\WINDOWS\SYSTEM32\VERSION.dll
0x00007ff814220000 - 0x00007ff814247000 	C:\WINDOWS\SYSTEM32\WINMM.dll
0x00007ff830e80000 - 0x00007ff830e92000 	C:\WINDOWS\SYSTEM32\kernel.appcore.dll
0x00007ff82dbe0000 - 0x00007ff82dbea000 	C:\Users\Ahmed\.p2\pool\plugins\org.eclipse.justj.openjdk.hotspot.jre.full.win32.x86_64_17.0.2.v20220201-1208\jre\bin\jimage.dll
0x00007ff830350000 - 0x00007ff830534000 	C:\WINDOWS\SYSTEM32\DBGHELP.DLL
0x00007ff812a00000 - 0x00007ff812a34000 	C:\WINDOWS\SYSTEM32\dbgcore.DLL
0x00007ff832f20000 - 0x00007ff832fa2000 	C:\WINDOWS\System32\bcryptPrimitives.dll
0x00007ff824980000 - 0x00007ff8249a5000 	C:\Users\Ahmed\.p2\pool\plugins\org.eclipse.justj.openjdk.hotspot.jre.full.win32.x86_64_17.0.2.v20220201-1208\jre\bin\java.dll

dbghelp: loaded successfully - version: 4.0.5 - missing functions: none
symbol engine: initialized successfully - sym options: 0x614 - pdb path: .;C:\Users\Ahmed\.p2\pool\plugins\org.eclipse.justj.openjdk.hotspot.jre.full.win32.x86_64_17.0.2.v20220201-1208\jre\bin;C:\WINDOWS\SYSTEM32;C:\WINDOWS\WinSxS\amd64_microsoft.windows.common-controls_6595b64144ccf1df_6.0.19041.1110_none_60b5254171f9507e;C:\Users\Ahmed\.p2\pool\plugins\org.eclipse.justj.openjdk.hotspot.jre.full.win32.x86_64_17.0.2.v20220201-1208\jre\bin\server

VM Arguments:
jvm_args: -ea -Dfile.encoding=Cp1252 -XX:+ShowCodeDetailsInExceptionMessages 
java_command: org.testng.remote.RemoteTestNG -serport 52654 -protocol json -d C:\Users\Ahmed\Desktop\abchallange\storechallange\test-output C:\Users\Ahmed\AppData\Local\Temp\testng-eclipse-1107336770\testng-customsuite.xml
java_class_path (initial): C:\Users\Ahmed\eclipse\java-2022-03\eclipse\configuration\org.eclipse.osgi\433\0\.cp\lib\testng-remote.jar;C:\Users\Ahmed\Desktop\abchallange\storechallange\target\test-classes;C:\Users\Ahmed\Desktop\abchallange\storechallange\target\classes;C:\Users\Ahmed\.m2\repository\org\seleniumhq\selenium\selenium-java\4.0.0-rc-3\selenium-java-4.0.0-rc-3.jar;C:\Users\Ahmed\.m2\repository\org\seleniumhq\selenium\selenium-api\4.0.0-rc-3\selenium-api-4.0.0-rc-3.jar;C:\Users\Ahmed\.m2\repository\org\seleniumhq\selenium\selenium-chrome-driver\4.0.0-rc-3\selenium-chrome-driver-4.0.0-rc-3.jar;C:\Users\Ahmed\.m2\repository\com\google\guava\guava\31.0.1-jre\guava-31.0.1-jre.jar;C:\Users\Ahmed\.m2\repository\com\google\guava\failureaccess\1.0.1\failureaccess-1.0.1.jar;C:\Users\Ahmed\.m2\repository\com\google\guava\listenablefuture\9999.0-empty-to-avoid-conflict-with-guava\listenablefuture-9999.0-empty-to-avoid-conflict-with-guava.jar;C:\Users\Ahmed\.m2\repository\org\checkerframework\checker-qual\3.12.0\checker-qual-3.12.0.jar;C:\Users\Ahmed\.m2\repository\com\google\errorprone\error_prone_annotations\2.7.1\error_prone_annotations-2.7.1.jar;C:\Users\Ahmed\.m2\repository\com\google\j2objc\j2objc-annotations\1.3\j2objc-annotations-1.3.jar;C:\Users\Ahmed\.m2\repository\org\seleniumhq\selenium\selenium-chromium-driver\4.0.0-rc-3\selenium-chromium-driver-4.0.0-rc-3.jar;C:\Users\Ahmed\.m2\repository\org\seleniumhq\selenium\selenium-json\4.0.0-rc-3\selenium-json-4.0.0-rc-3.jar;C:\Users\Ahmed\.m2\repository\org\seleniumhq\selenium\selenium-devtools-v85\4.0.0-rc-3\selenium-devtools-v85-4.0.0-rc-3.jar;C:\Users\Ahmed\.m2\repository\org\seleniumhq\selenium\selenium-devtools-v93\4.0.0-rc-3\selenium-devtools-v93-4.0.0-rc-3.jar;C:\Users\Ahmed\.m2\repository\org\seleniumhq\selenium\selenium-devtools-v94\4.0.0-rc-3\selenium-devtools-v94-4.0.0-rc-3.jar;C:\Users\Ahmed\.m2\repository\org\seleniumhq\selenium\selenium-devtools-v95\4.0.0-rc-3\selenium-devtools-v95-4.0.0-rc-3.jar;C
Launcher Type: SUN_STANDARD

[Global flags]
     intx CICompilerCount                          = 4                                         {product} {ergonomic}
     uint ConcGCThreads                            = 2                                         {product} {ergonomic}
     uint G1ConcRefinementThreads                  = 8                                         {product} {ergonomic}
   size_t G1HeapRegionSize                         = 2097152                                   {product} {ergonomic}
    uintx GCDrainStackTargetSize                   = 64                                        {product} {ergonomic}
   size_t InitialHeapSize                          = 264241152                                 {product} {ergonomic}
   size_t MarkStackSize                            = 4194304                                   {product} {ergonomic}
   size_t MaxHeapSize                              = 4208984064                                {product} {ergonomic}
   size_t MinHeapDeltaBytes                        = 2097152                                   {product} {ergonomic}
   size_t MinHeapSize                              = 8388608                                   {product} {ergonomic}
    uintx NonNMethodCodeHeapSize                   = 5839372                                {pd product} {ergonomic}
    uintx NonProfiledCodeHeapSize                  = 122909434                              {pd product} {ergonomic}
    uintx ProfiledCodeHeapSize                     = 122909434                              {pd product} {ergonomic}
    uintx ReservedCodeCacheSize                    = 251658240                              {pd product} {ergonomic}
     bool SegmentedCodeCache                       = true                                      {product} {ergonomic}
     bool ShowCodeDetailsInExceptionMessages       = true                                   {manageable} {command line}
   size_t SoftMaxHeapSize                          = 4208984064                             {manageable} {ergonomic}
     bool UseCompressedClassPointers               = true                           {product lp64_product} {ergonomic}
     bool UseCompressedOops                        = true                           {product lp64_product} {ergonomic}
     bool UseG1GC                                  = true                                      {product} {ergonomic}
     bool UseLargePagesIndividualAllocation        = false                                  {pd product} {ergonomic}

Logging:
Log output configuration:
 #0: stdout all=warning uptime,level,tags
 #1: stderr all=off uptime,level,tags

Environment Variables:
JAVA_HOME=C:\Program Files\Java\jdk-15.0.2
PATH=C:/Users/Ahmed/.p2/pool/plugins/org.eclipse.justj.openjdk.hotspot.jre.full.win32.x86_64_17.0.2.v20220201-1208/jre/bin/server;C:/Users/Ahmed/.p2/pool/plugins/org.eclipse.justj.openjdk.hotspot.jre.full.win32.x86_64_17.0.2.v20220201-1208/jre/bin;C:\Program Files\Common Files\Oracle\Java\javapath;C:\WINDOWS\system32;C:\WINDOWS;C:\WINDOWS\System32\Wbem;C:\WINDOWS\System32\WindowsPowerShell\v1.0\;C:\WINDOWS\System32\OpenSSH\;C:\Program Files\Java\jdk-15.0.2\bin;C:\Program Files\nodejs\;C:\Program Files\Git\cmd;C:\Program Files\apache-maven-3.8.6\bin;C:\Users\Ahmed\AppData\Local\Programs\Python\Python310;C:\Program Files\Amazon\AWSCLIV2\;C:\Users\Ahmed\AppData\Local\Microsoft\WindowsApps;C:\Users\Ahmed\AppData\Roaming\npm;C:\Users\Ahmed\AppData\Local\Programs\Microsoft VS Code\bin;C:\Program Files\JetBrains\IntelliJ IDEA Community Edition 2022.1.1\bin;;;C:\Users\Ahmed\Desktop;
USERNAME=Ahmed
OS=Windows_NT
PROCESSOR_IDENTIFIER=Intel64 Family 6 Model 142 Stepping 12, GenuineIntel



---------------  S Y S T E M  ---------------

OS:
 Windows 10 , 64 bit Build 19041 (10.0.19041.2913)
OS uptime: 41 days 7:13 hours

CPU: total 8 (initial active 8) (4 cores per cpu, 2 threads per core) family 6 model 142 stepping 12 microcode 0xf4, cx8, cmov, fxsr, ht, mmx, 3dnowpref, sse, sse2, sse3, ssse3, sse4.1, sse4.2, popcnt, lzcnt, tsc, tscinvbit, avx, avx2, aes, erms, clmul, bmi1, bmi2, adx, fma, vzeroupper, clflush, clflushopt

Memory: 4k page, system-wide physical 16050M (4268M free)
TotalPageFile size 46191M (AvailPageFile size 162M)
current process WorkingSet (physical memory assigned to process): 10M, peak: 10M
current process commit charge ("private bytes"): 60M, peak: 312M

vm_info: OpenJDK 64-Bit Server VM (17.0.2+8) for windows-amd64 JRE (17.0.2+8), built on Jan 20 2022 04:52:34 by "" with MS VC++ 16.7 (VS2019)

END.
