#
# There is insufficient memory for the Java Runtime Environment to continue.
# Native memory allocation (mmap) failed to map 65536 bytes for Failed to commit metaspace.
# Possible reasons:
#   The system is out of physical RAM or swap space
#   The process is running with CompressedOops enabled, and the Java Heap may be blocking the growth of the native heap
# Possible solutions:
#   Reduce memory load on the system
#   Increase physical memory or swap space
#   Check if swap backing store is full
#   Decrease Java heap size (-Xmx/-Xms)
#   Decrease number of Java threads
#   Decrease Java thread stack sizes (-Xss)
#   Set larger code cache with -XX:ReservedCodeCacheSize=
#   JVM is running with Zero Based Compressed Oops mode in which the Java heap is
#     placed in the first 32GB address space. The Java Heap base address is the
#     maximum limit for the native heap growth. Please use -XX:HeapBaseMinAddress
#     to set the Java Heap base and to place the Java Heap above 32GB virtual address.
# This output file may be truncated or incomplete.
#
#  Out of Memory Error (virtualSpaceNode.cpp:110), pid=7548, tid=10604
#
# JRE version: OpenJDK Runtime Environment Temurin-17.0.2+8 (17.0.2+8) (build 17.0.2+8)
# Java VM: OpenJDK 64-Bit Server VM Temurin-17.0.2+8 (17.0.2+8, mixed mode, tiered, compressed oops, compressed class ptrs, g1 gc, windows-amd64)
# No core dump will be written. Minidumps are not enabled by default on client versions of Windows
#

---------------  S U M M A R Y ------------

Command Line: -ea -Dfile.encoding=Cp1252 -XX:+ShowCodeDetailsInExceptionMessages org.testng.remote.RemoteTestNG -serport 49967 -protocol json -d C:\Users\Ahmed\Desktop\abchallange\storechallange\test-output C:\Users\Ahmed\AppData\Local\Temp\testng-eclipse-1127639282\testng-customsuite.xml

Host: Intel(R) Core(TM) i7-10610U CPU @ 1.80GHz, 8 cores, 15G,  Windows 10 , 64 bit Build 19041 (10.0.19041.2913)
Time: Thu Aug 24 23:40:20 2023 Argentina Standard Time elapsed time: 1.433572 seconds (0d 0h 0m 1s)

---------------  T H R E A D  ---------------

Current thread (0x000001c47bf5c700):  JavaThread "main" [_thread_in_vm, id=10604, stack(0x0000003c1e300000,0x0000003c1e400000)]

Stack: [0x0000003c1e300000,0x0000003c1e400000]
Native frames: (J=compiled Java code, j=interpreted, Vv=VM code, C=native code)
V  [jvm.dll+0x67564a]
V  [jvm.dll+0x82fc04]
V  [jvm.dll+0x8313ae]
V  [jvm.dll+0x831a13]
V  [jvm.dll+0x245235]
V  [jvm.dll+0x82bbab]
V  [jvm.dll+0x61a336]
V  [jvm.dll+0x61a39a]
V  [jvm.dll+0x61cbba]
V  [jvm.dll+0x61acd6]
V  [jvm.dll+0x624a37]
V  [jvm.dll+0x1e9eab]
V  [jvm.dll+0x1ea3e5]
V  [jvm.dll+0x1eae1f]
V  [jvm.dll+0x1e02c1]
V  [jvm.dll+0x53b6e0]
V  [jvm.dll+0x1f0ab7]
V  [jvm.dll+0x7aa1bb]
V  [jvm.dll+0x7ab562]
V  [jvm.dll+0x7ab898]
V  [jvm.dll+0x23d51e]
V  [jvm.dll+0x37e8ce]
C  0x000001c4035fb82d

Java frames: (J=compiled Java code, j=interpreted, Vv=VM code)
j  sun.security.pkcs12.PKCS12KeyStore.engineLoad(Ljava/io/InputStream;[C)V+30 java.base@17.0.2
j  sun.security.util.KeyStoreDelegator.engineLoad(Ljava/io/InputStream;[C)V+114 java.base@17.0.2
j  java.security.KeyStore.load(Ljava/io/InputStream;[C)V+6 java.base@17.0.2
j  sun.security.ssl.TrustStoreManager$TrustAnchorManager.loadKeyStore(Lsun/security/ssl/TrustStoreManager$TrustStoreDescriptor;)Ljava/security/KeyStore;+130 java.base@17.0.2
j  sun.security.ssl.TrustStoreManager$TrustAnchorManager.getTrustedCerts(Lsun/security/ssl/TrustStoreManager$TrustStoreDescriptor;)Ljava/util/Set;+149 java.base@17.0.2
j  sun.security.ssl.TrustStoreManager.getTrustedCerts()Ljava/util/Set;+6 java.base@17.0.2
j  sun.security.ssl.TrustManagerFactoryImpl.engineInit(Ljava/security/KeyStore;)V+6 java.base@17.0.2
j  javax.net.ssl.TrustManagerFactory.init(Ljava/security/KeyStore;)V+5 java.base@17.0.2
j  sun.security.ssl.SSLContextImpl$DefaultManagersHolder.getTrustManagers()[Ljavax/net/ssl/TrustManager;+27 java.base@17.0.2
j  sun.security.ssl.SSLContextImpl$DefaultManagersHolder.<clinit>()V+4 java.base@17.0.2
v  ~StubRoutines::call_stub
j  sun.security.ssl.SSLContextImpl$DefaultSSLContext.<init>()V+4 java.base@17.0.2
v  ~StubRoutines::call_stub
j  jdk.internal.reflect.NativeConstructorAccessorImpl.newInstance0(Ljava/lang/reflect/Constructor;[Ljava/lang/Object;)Ljava/lang/Object;+0 java.base@17.0.2
j  jdk.internal.reflect.NativeConstructorAccessorImpl.newInstance([Ljava/lang/Object;)Ljava/lang/Object;+118 java.base@17.0.2
J 1313 c1 jdk.internal.reflect.DelegatingConstructorAccessorImpl.newInstance([Ljava/lang/Object;)Ljava/lang/Object; java.base@17.0.2 (9 bytes) @ 0x000001c403dc57cc [0x000001c403dc56c0+0x000000000000010c]
J 1268 c1 java.lang.reflect.Constructor.newInstanceWithCaller([Ljava/lang/Object;ZLjava/lang/Class;)Ljava/lang/Object; java.base@17.0.2 (75 bytes) @ 0x000001c403db2d6c [0x000001c403db2b00+0x000000000000026c]
j  java.lang.reflect.Constructor.newInstance([Ljava/lang/Object;)Ljava/lang/Object;+30 java.base@17.0.2
j  java.security.Provider$Service.newInstanceOf()Ljava/lang/Object;+9 java.base@17.0.2
j  java.security.Provider$Service.newInstanceUtil(Ljava/lang/Class;Ljava/lang/Object;)Ljava/lang/Object;+5 java.base@17.0.2
j  java.security.Provider$Service.newInstance(Ljava/lang/Object;)Ljava/lang/Object;+227 java.base@17.0.2
j  sun.security.jca.GetInstance.getInstance(Ljava/security/Provider$Service;Ljava/lang/Class;)Lsun/security/jca/GetInstance$Instance;+2 java.base@17.0.2
j  sun.security.jca.GetInstance.getInstance(Ljava/lang/String;Ljava/lang/Class;Ljava/lang/String;)Lsun/security/jca/GetInstance$Instance;+56 java.base@17.0.2
j  javax.net.ssl.SSLContext.getInstance(Ljava/lang/String;)Ljavax/net/ssl/SSLContext;+12 java.base@17.0.2
j  javax.net.ssl.SSLContext.getDefault()Ljavax/net/ssl/SSLContext;+10 java.base@17.0.2
j  jdk.internal.net.http.HttpClientImpl.<init>(Ljdk/internal/net/http/HttpClientBuilderImpl;Ljdk/internal/net/http/HttpClientImpl$SingleFacadeFactory;)V+137 java.net.http@17.0.2
j  jdk.internal.net.http.HttpClientImpl.create(Ljdk/internal/net/http/HttpClientBuilderImpl;)Ljdk/internal/net/http/HttpClientFacade;+14 java.net.http@17.0.2
j  jdk.internal.net.http.HttpClientBuilderImpl.build()Ljava/net/http/HttpClient;+1 java.net.http@17.0.2
j  org.openqa.selenium.remote.http.jdk.JdkHttpClient.<init>(Lorg/openqa/selenium/remote/http/ClientConfig;)V+243
j  org.openqa.selenium.remote.http.jdk.JdkHttpClient$Factory.createClient(Lorg/openqa/selenium/remote/http/ClientConfig;)Lorg/openqa/selenium/remote/http/HttpClient;+12
j  org.openqa.selenium.remote.HttpCommandExecutor.<init>(Ljava/util/Map;Lorg/openqa/selenium/remote/http/ClientConfig;Lorg/openqa/selenium/remote/http/HttpClient$Factory;)V+59
j  org.openqa.selenium.remote.HttpCommandExecutor.<init>(Ljava/util/Map;Ljava/net/URL;Lorg/openqa/selenium/remote/http/HttpClient$Factory;)V+18
j  org.openqa.selenium.remote.HttpCommandExecutor.<init>(Ljava/util/Map;Ljava/net/URL;)V+22
j  org.openqa.selenium.remote.service.DriverCommandExecutor.<init>(Lorg/openqa/selenium/remote/service/DriverService;Ljava/util/Map;)V+6
j  org.openqa.selenium.chromium.ChromiumDriverCommandExecutor.<init>(Lorg/openqa/selenium/remote/service/DriverService;Ljava/util/Map;)V+6
j  org.openqa.selenium.chrome.ChromeDriver$ChromeDriverCommandExecutor.<init>(Lorg/openqa/selenium/remote/service/DriverService;)V+5
j  org.openqa.selenium.chrome.ChromeDriver.<init>(Lorg/openqa/selenium/chrome/ChromeDriverService;Lorg/openqa/selenium/Capabilities;)V+6
j  org.openqa.selenium.chrome.ChromeDriver.<init>(Lorg/openqa/selenium/chrome/ChromeDriverService;Lorg/openqa/selenium/chrome/ChromeOptions;)V+3
j  org.openqa.selenium.chrome.ChromeDriver.<init>()V+11
j  storeTest.TestBase.StartDriver(Ljava/lang/String;)V+48
v  ~StubRoutines::call_stub
j  jdk.internal.reflect.NativeMethodAccessorImpl.invoke0(Ljava/lang/reflect/Method;Ljava/lang/Object;[Ljava/lang/Object;)Ljava/lang/Object;+0 java.base@17.0.2
j  jdk.internal.reflect.NativeMethodAccessorImpl.invoke(Ljava/lang/Object;[Ljava/lang/Object;)Ljava/lang/Object;+133 java.base@17.0.2
j  jdk.internal.reflect.DelegatingMethodAccessorImpl.invoke(Ljava/lang/Object;[Ljava/lang/Object;)Ljava/lang/Object;+6 java.base@17.0.2
j  java.lang.reflect.Method.invoke(Ljava/lang/Object;[Ljava/lang/Object;)Ljava/lang/Object;+59 java.base@17.0.2
j  org.testng.internal.invokers.MethodInvocationHelper.invokeMethod(Ljava/lang/reflect/Method;Ljava/lang/Object;[Ljava/lang/Object;)Ljava/lang/Object;+258
j  org.testng.internal.invokers.MethodInvocationHelper.invokeMethodConsideringTimeout(Lorg/testng/ITestNGMethod;Lorg/testng/internal/ConstructorOrMethod;Ljava/lang/Object;[Ljava/lang/Object;Lorg/testng/ITestResult;)V+15
j  org.testng.internal.invokers.ConfigInvoker.invokeConfigurationMethod(Ljava/lang/Object;Lorg/testng/ITestNGMethod;[Ljava/lang/Object;Lorg/testng/ITestResult;)V+193
j  org.testng.internal.invokers.ConfigInvoker.invokeConfigurations(Lorg/testng/internal/invokers/ConfigMethodArguments;)V+589
j  org.testng.SuiteRunner.privateRun()V+232
j  org.testng.SuiteRunner.run()V+6
j  org.testng.SuiteRunnerWorker.runSuite(Lorg/testng/internal/invokers/SuiteRunnerMap;Lorg/testng/xml/XmlSuite;)V+87
j  org.testng.SuiteRunnerWorker.run()V+12
j  org.testng.TestNG.runSuitesSequentially(Lorg/testng/xml/XmlSuite;Lorg/testng/internal/invokers/SuiteRunnerMap;ILjava/lang/String;)V+66
j  org.testng.TestNG.runSuitesLocally()Ljava/util/List;+156
j  org.testng.TestNG.runSuites()Ljava/util/List;+1
j  org.testng.TestNG.run()V+25
j  org.testng.remote.AbstractRemoteTestNG.run()V+149
j  org.testng.remote.RemoteTestNG.initAndRun(Lorg/testng/remote/IRemoteTestNG;[Ljava/lang/String;Lorg/testng/CommandLineArgs;Lorg/testng/remote/RemoteArgs;)V+184
j  org.testng.remote.RemoteTestNG.main([Ljava/lang/String;)V+201
v  ~StubRoutines::call_stub

---------------  P R O C E S S  ---------------

Threads class SMR info:
_java_thread_list=0x000001c41e0f7100, length=16, elements={
0x000001c47bf5c700, 0x000001c41c98f4b0, 0x000001c41c9905a0, 0x000001c41d44a640,
0x000001c41d44b100, 0x000001c41d44c9f0, 0x000001c41d468880, 0x000001c41d46dd10,
0x000001c41d46e700, 0x000001c41d4714f0, 0x000001c41d609a20, 0x000001c41d624bb0,
0x000001c41d62e0a0, 0x000001c41de9a180, 0x000001c41e37f010, 0x000001c41e1f3f50
}

Java Threads: ( => current thread )
=>0x000001c47bf5c700 JavaThread "main" [_thread_in_vm, id=10604, stack(0x0000003c1e300000,0x0000003c1e400000)]
  0x000001c41c98f4b0 JavaThread "Reference Handler" daemon [_thread_blocked, id=18328, stack(0x0000003c1ea00000,0x0000003c1eb00000)]
  0x000001c41c9905a0 JavaThread "Finalizer" daemon [_thread_blocked, id=20720, stack(0x0000003c1eb00000,0x0000003c1ec00000)]
  0x000001c41d44a640 JavaThread "Signal Dispatcher" daemon [_thread_blocked, id=22336, stack(0x0000003c1ec00000,0x0000003c1ed00000)]
  0x000001c41d44b100 JavaThread "Attach Listener" daemon [_thread_blocked, id=11368, stack(0x0000003c1ed00000,0x0000003c1ee00000)]
  0x000001c41d44c9f0 JavaThread "Service Thread" daemon [_thread_blocked, id=16164, stack(0x0000003c1ee00000,0x0000003c1ef00000)]
  0x000001c41d468880 JavaThread "Monitor Deflation Thread" daemon [_thread_blocked, id=12628, stack(0x0000003c1ef00000,0x0000003c1f000000)]
  0x000001c41d46dd10 JavaThread "C2 CompilerThread0" daemon [_thread_blocked, id=10176, stack(0x0000003c1f000000,0x0000003c1f100000)]
  0x000001c41d46e700 JavaThread "C1 CompilerThread0" daemon [_thread_blocked, id=1324, stack(0x0000003c1f100000,0x0000003c1f200000)]
  0x000001c41d4714f0 JavaThread "Sweeper thread" daemon [_thread_blocked, id=20516, stack(0x0000003c1f200000,0x0000003c1f300000)]
  0x000001c41d609a20 JavaThread "Notification Thread" daemon [_thread_blocked, id=23500, stack(0x0000003c1f300000,0x0000003c1f400000)]
  0x000001c41d624bb0 JavaThread "Common-Cleaner" daemon [_thread_blocked, id=22864, stack(0x0000003c1f500000,0x0000003c1f600000)]
  0x000001c41d62e0a0 JavaThread "C2 CompilerThread1" daemon [_thread_blocked, id=2556, stack(0x0000003c1f600000,0x0000003c1f700000)]
  0x000001c41de9a180 JavaThread "ReaderThread" [_thread_in_native, id=20124, stack(0x0000003c1f800000,0x0000003c1f900000)]
  0x000001c41e37f010 JavaThread "ForkJoinPool.commonPool-worker-1" daemon [_thread_blocked, id=22340, stack(0x0000003c1f900000,0x0000003c1fa00000)]
  0x000001c41e1f3f50 JavaThread "ForkJoinPool.commonPool-worker-2" daemon [_thread_blocked, id=21908, stack(0x0000003c1fa00000,0x0000003c1fb00000)]

Other Threads:
  0x000001c41c988c90 VMThread "VM Thread" [stack: 0x0000003c1e900000,0x0000003c1ea00000] [id=21624]
  0x000001c41d60bf00 WatcherThread [stack: 0x0000003c1f400000,0x0000003c1f500000] [id=2656]
  0x000001c47bfaa3d0 GCTaskThread "GC Thread#0" [stack: 0x0000003c1e400000,0x0000003c1e500000] [id=21012]
  0x000001c41e1f3530 GCTaskThread "GC Thread#1" [stack: 0x0000003c1fb00000,0x0000003c1fc00000] [id=22292]
  0x000001c41e1f37e0 GCTaskThread "GC Thread#2" [stack: 0x0000003c1fc00000,0x0000003c1fd00000] [id=15104]
  0x000001c41e1c1fc0 GCTaskThread "GC Thread#3" [stack: 0x0000003c1fd00000,0x0000003c1fe00000] [id=10192]
  0x000001c41e1c2270 GCTaskThread "GC Thread#4" [stack: 0x0000003c1fe00000,0x0000003c1ff00000] [id=6756]
  0x000001c41e1c2520 GCTaskThread "GC Thread#5" [stack: 0x0000003c1ff00000,0x0000003c20000000] [id=10108]
  0x000001c41e22e0c0 GCTaskThread "GC Thread#6" [stack: 0x0000003c20000000,0x0000003c20100000] [id=22736]
  0x000001c47bfbc590 ConcurrentGCThread "G1 Main Marker" [stack: 0x0000003c1e500000,0x0000003c1e600000] [id=22368]
  0x000001c47bfbcfa0 ConcurrentGCThread "G1 Conc#0" [stack: 0x0000003c1e600000,0x0000003c1e700000] [id=8500]
  0x000001c47c02d9e0 ConcurrentGCThread "G1 Refine#0" [stack: 0x0000003c1e700000,0x0000003c1e800000] [id=13212]
  0x000001c47c02e400 ConcurrentGCThread "G1 Service" [stack: 0x0000003c1e800000,0x0000003c1e900000] [id=5252]

Threads with active compile tasks:

VM state: not at safepoint (normal execution)

VM Mutex/Monitor currently owned by a thread:  ([mutex/lock_event])
[0x000001c47bf54250] Metaspace_lock - owner thread: 0x000001c47bf5c700

Heap address: 0x0000000705200000, size: 4014 MB, Compressed Oops mode: Zero based, Oop shift amount: 3

CDS archive(s) not mapped
Compressed class space mapped at: 0x0000000800000000-0x0000000840000000, reserved size: 1073741824
Narrow klass base: 0x0000000800000000, Narrow klass shift: 0, Narrow klass range: 0x40000000

GC Precious Log:
 CPUs: 8 total, 8 available
 Memory: 16050M
 Large Page Support: Disabled
 NUMA Support: Disabled
 Compressed Oops: Enabled (Zero based)
 Heap Region Size: 2M
 Heap Min Capacity: 8M
 Heap Initial Capacity: 252M
 Heap Max Capacity: 4014M
 Pre-touch: Disabled
 Parallel Workers: 8
 Concurrent Workers: 2
 Concurrent Refinement Workers: 8
 Periodic GC: Disabled

Heap:
 garbage-first heap   total 258048K, used 10425K [0x0000000705200000, 0x0000000800000000)
  region size 2048K, 6 young (12288K), 2 survivors (4096K)
 Metaspace       used 17896K, committed 18048K, reserved 1064960K
  class space    used 1886K, committed 1984K, reserved 1048576K

Heap Regions: E=young(eden), S=young(survivor), O=old, HS=humongous(starts), HC=humongous(continues), CS=collection set, F=free, OA=open archive, CA=closed archive, TAMS=top-at-mark-start (previous, next)
|   0|0x0000000705200000, 0x000000070522e600, 0x0000000705400000|  9%| O|  |TAMS 0x0000000705200000, 0x0000000705200000| Untracked 
|   1|0x0000000705400000, 0x0000000705400000, 0x0000000705600000|  0%| F|  |TAMS 0x0000000705400000, 0x0000000705400000| Untracked 
|   2|0x0000000705600000, 0x0000000705600000, 0x0000000705800000|  0%| F|  |TAMS 0x0000000705600000, 0x0000000705600000| Untracked 
|   3|0x0000000705800000, 0x0000000705800000, 0x0000000705a00000|  0%| F|  |TAMS 0x0000000705800000, 0x0000000705800000| Untracked 
|   4|0x0000000705a00000, 0x0000000705a00000, 0x0000000705c00000|  0%| F|  |TAMS 0x0000000705a00000, 0x0000000705a00000| Untracked 
|   5|0x0000000705c00000, 0x0000000705c00000, 0x0000000705e00000|  0%| F|  |TAMS 0x0000000705c00000, 0x0000000705c00000| Untracked 
|   6|0x0000000705e00000, 0x0000000705e00000, 0x0000000706000000|  0%| F|  |TAMS 0x0000000705e00000, 0x0000000705e00000| Untracked 
|   7|0x0000000706000000, 0x0000000706000000, 0x0000000706200000|  0%| F|  |TAMS 0x0000000706000000, 0x0000000706000000| Untracked 
|   8|0x0000000706200000, 0x0000000706200000, 0x0000000706400000|  0%| F|  |TAMS 0x0000000706200000, 0x0000000706200000| Untracked 
|   9|0x0000000706400000, 0x0000000706400000, 0x0000000706600000|  0%| F|  |TAMS 0x0000000706400000, 0x0000000706400000| Untracked 
|  10|0x0000000706600000, 0x0000000706600000, 0x0000000706800000|  0%| F|  |TAMS 0x0000000706600000, 0x0000000706600000| Untracked 
|  11|0x0000000706800000, 0x0000000706800000, 0x0000000706a00000|  0%| F|  |TAMS 0x0000000706800000, 0x0000000706800000| Untracked 
|  12|0x0000000706a00000, 0x0000000706a00000, 0x0000000706c00000|  0%| F|  |TAMS 0x0000000706a00000, 0x0000000706a00000| Untracked 
|  13|0x0000000706c00000, 0x0000000706c00000, 0x0000000706e00000|  0%| F|  |TAMS 0x0000000706c00000, 0x0000000706c00000| Untracked 
|  14|0x0000000706e00000, 0x0000000706e00000, 0x0000000707000000|  0%| F|  |TAMS 0x0000000706e00000, 0x0000000706e00000| Untracked 
|  15|0x0000000707000000, 0x0000000707000000, 0x0000000707200000|  0%| F|  |TAMS 0x0000000707000000, 0x0000000707000000| Untracked 
|  16|0x0000000707200000, 0x0000000707200000, 0x0000000707400000|  0%| F|  |TAMS 0x0000000707200000, 0x0000000707200000| Untracked 
|  17|0x0000000707400000, 0x0000000707400000, 0x0000000707600000|  0%| F|  |TAMS 0x0000000707400000, 0x0000000707400000| Untracked 
|  18|0x0000000707600000, 0x0000000707600000, 0x0000000707800000|  0%| F|  |TAMS 0x0000000707600000, 0x0000000707600000| Untracked 
|  19|0x0000000707800000, 0x0000000707800000, 0x0000000707a00000|  0%| F|  |TAMS 0x0000000707800000, 0x0000000707800000| Untracked 
|  20|0x0000000707a00000, 0x0000000707a00000, 0x0000000707c00000|  0%| F|  |TAMS 0x0000000707a00000, 0x0000000707a00000| Untracked 
|  21|0x0000000707c00000, 0x0000000707c00000, 0x0000000707e00000|  0%| F|  |TAMS 0x0000000707c00000, 0x0000000707c00000| Untracked 
|  22|0x0000000707e00000, 0x0000000707e00000, 0x0000000708000000|  0%| F|  |TAMS 0x0000000707e00000, 0x0000000707e00000| Untracked 
|  23|0x0000000708000000, 0x0000000708000000, 0x0000000708200000|  0%| F|  |TAMS 0x0000000708000000, 0x0000000708000000| Untracked 
|  24|0x0000000708200000, 0x0000000708200000, 0x0000000708400000|  0%| F|  |TAMS 0x0000000708200000, 0x0000000708200000| Untracked 
|  25|0x0000000708400000, 0x0000000708400000, 0x0000000708600000|  0%| F|  |TAMS 0x0000000708400000, 0x0000000708400000| Untracked 
|  26|0x0000000708600000, 0x0000000708600000, 0x0000000708800000|  0%| F|  |TAMS 0x0000000708600000, 0x0000000708600000| Untracked 
|  27|0x0000000708800000, 0x0000000708800000, 0x0000000708a00000|  0%| F|  |TAMS 0x0000000708800000, 0x0000000708800000| Untracked 
|  28|0x0000000708a00000, 0x0000000708a00000, 0x0000000708c00000|  0%| F|  |TAMS 0x0000000708a00000, 0x0000000708a00000| Untracked 
|  29|0x0000000708c00000, 0x0000000708c00000, 0x0000000708e00000|  0%| F|  |TAMS 0x0000000708c00000, 0x0000000708c00000| Untracked 
|  30|0x0000000708e00000, 0x0000000708e00000, 0x0000000709000000|  0%| F|  |TAMS 0x0000000708e00000, 0x0000000708e00000| Untracked 
|  31|0x0000000709000000, 0x0000000709000000, 0x0000000709200000|  0%| F|  |TAMS 0x0000000709000000, 0x0000000709000000| Untracked 
|  32|0x0000000709200000, 0x0000000709200000, 0x0000000709400000|  0%| F|  |TAMS 0x0000000709200000, 0x0000000709200000| Untracked 
|  33|0x0000000709400000, 0x0000000709400000, 0x0000000709600000|  0%| F|  |TAMS 0x0000000709400000, 0x0000000709400000| Untracked 
|  34|0x0000000709600000, 0x0000000709600000, 0x0000000709800000|  0%| F|  |TAMS 0x0000000709600000, 0x0000000709600000| Untracked 
|  35|0x0000000709800000, 0x0000000709800000, 0x0000000709a00000|  0%| F|  |TAMS 0x0000000709800000, 0x0000000709800000| Untracked 
|  36|0x0000000709a00000, 0x0000000709a00000, 0x0000000709c00000|  0%| F|  |TAMS 0x0000000709a00000, 0x0000000709a00000| Untracked 
|  37|0x0000000709c00000, 0x0000000709c00000, 0x0000000709e00000|  0%| F|  |TAMS 0x0000000709c00000, 0x0000000709c00000| Untracked 
|  38|0x0000000709e00000, 0x0000000709e00000, 0x000000070a000000|  0%| F|  |TAMS 0x0000000709e00000, 0x0000000709e00000| Untracked 
|  39|0x000000070a000000, 0x000000070a000000, 0x000000070a200000|  0%| F|  |TAMS 0x000000070a000000, 0x000000070a000000| Untracked 
|  40|0x000000070a200000, 0x000000070a200000, 0x000000070a400000|  0%| F|  |TAMS 0x000000070a200000, 0x000000070a200000| Untracked 
|  41|0x000000070a400000, 0x000000070a400000, 0x000000070a600000|  0%| F|  |TAMS 0x000000070a400000, 0x000000070a400000| Untracked 
|  42|0x000000070a600000, 0x000000070a600000, 0x000000070a800000|  0%| F|  |TAMS 0x000000070a600000, 0x000000070a600000| Untracked 
|  43|0x000000070a800000, 0x000000070a800000, 0x000000070aa00000|  0%| F|  |TAMS 0x000000070a800000, 0x000000070a800000| Untracked 
|  44|0x000000070aa00000, 0x000000070aa00000, 0x000000070ac00000|  0%| F|  |TAMS 0x000000070aa00000, 0x000000070aa00000| Untracked 
|  45|0x000000070ac00000, 0x000000070ac00000, 0x000000070ae00000|  0%| F|  |TAMS 0x000000070ac00000, 0x000000070ac00000| Untracked 
|  46|0x000000070ae00000, 0x000000070ae00000, 0x000000070b000000|  0%| F|  |TAMS 0x000000070ae00000, 0x000000070ae00000| Untracked 
|  47|0x000000070b000000, 0x000000070b000000, 0x000000070b200000|  0%| F|  |TAMS 0x000000070b000000, 0x000000070b000000| Untracked 
|  48|0x000000070b200000, 0x000000070b200000, 0x000000070b400000|  0%| F|  |TAMS 0x000000070b200000, 0x000000070b200000| Untracked 
|  49|0x000000070b400000, 0x000000070b400000, 0x000000070b600000|  0%| F|  |TAMS 0x000000070b400000, 0x000000070b400000| Untracked 
|  50|0x000000070b600000, 0x000000070b600000, 0x000000070b800000|  0%| F|  |TAMS 0x000000070b600000, 0x000000070b600000| Untracked 
|  51|0x000000070b800000, 0x000000070b800000, 0x000000070ba00000|  0%| F|  |TAMS 0x000000070b800000, 0x000000070b800000| Untracked 
|  52|0x000000070ba00000, 0x000000070ba00000, 0x000000070bc00000|  0%| F|  |TAMS 0x000000070ba00000, 0x000000070ba00000| Untracked 
|  53|0x000000070bc00000, 0x000000070bc00000, 0x000000070be00000|  0%| F|  |TAMS 0x000000070bc00000, 0x000000070bc00000| Untracked 
|  54|0x000000070be00000, 0x000000070be00000, 0x000000070c000000|  0%| F|  |TAMS 0x000000070be00000, 0x000000070be00000| Untracked 
|  55|0x000000070c000000, 0x000000070c000000, 0x000000070c200000|  0%| F|  |TAMS 0x000000070c000000, 0x000000070c000000| Untracked 
|  56|0x000000070c200000, 0x000000070c200000, 0x000000070c400000|  0%| F|  |TAMS 0x000000070c200000, 0x000000070c200000| Untracked 
|  57|0x000000070c400000, 0x000000070c400000, 0x000000070c600000|  0%| F|  |TAMS 0x000000070c400000, 0x000000070c400000| Untracked 
|  58|0x000000070c600000, 0x000000070c600000, 0x000000070c800000|  0%| F|  |TAMS 0x000000070c600000, 0x000000070c600000| Untracked 
|  59|0x000000070c800000, 0x000000070c800000, 0x000000070ca00000|  0%| F|  |TAMS 0x000000070c800000, 0x000000070c800000| Untracked 
|  60|0x000000070ca00000, 0x000000070ca00000, 0x000000070cc00000|  0%| F|  |TAMS 0x000000070ca00000, 0x000000070ca00000| Untracked 
|  61|0x000000070cc00000, 0x000000070cc00000, 0x000000070ce00000|  0%| F|  |TAMS 0x000000070cc00000, 0x000000070cc00000| Untracked 
|  62|0x000000070ce00000, 0x000000070ce00000, 0x000000070d000000|  0%| F|  |TAMS 0x000000070ce00000, 0x000000070ce00000| Untracked 
|  63|0x000000070d000000, 0x000000070d000000, 0x000000070d200000|  0%| F|  |TAMS 0x000000070d000000, 0x000000070d000000| Untracked 
|  64|0x000000070d200000, 0x000000070d200000, 0x000000070d400000|  0%| F|  |TAMS 0x000000070d200000, 0x000000070d200000| Untracked 
|  65|0x000000070d400000, 0x000000070d400000, 0x000000070d600000|  0%| F|  |TAMS 0x000000070d400000, 0x000000070d400000| Untracked 
|  66|0x000000070d600000, 0x000000070d600000, 0x000000070d800000|  0%| F|  |TAMS 0x000000070d600000, 0x000000070d600000| Untracked 
|  67|0x000000070d800000, 0x000000070d800000, 0x000000070da00000|  0%| F|  |TAMS 0x000000070d800000, 0x000000070d800000| Untracked 
|  68|0x000000070da00000, 0x000000070da00000, 0x000000070dc00000|  0%| F|  |TAMS 0x000000070da00000, 0x000000070da00000| Untracked 
|  69|0x000000070dc00000, 0x000000070dc00000, 0x000000070de00000|  0%| F|  |TAMS 0x000000070dc00000, 0x000000070dc00000| Untracked 
|  70|0x000000070de00000, 0x000000070de00000, 0x000000070e000000|  0%| F|  |TAMS 0x000000070de00000, 0x000000070de00000| Untracked 
|  71|0x000000070e000000, 0x000000070e000000, 0x000000070e200000|  0%| F|  |TAMS 0x000000070e000000, 0x000000070e000000| Untracked 
|  72|0x000000070e200000, 0x000000070e200000, 0x000000070e400000|  0%| F|  |TAMS 0x000000070e200000, 0x000000070e200000| Untracked 
|  73|0x000000070e400000, 0x000000070e400000, 0x000000070e600000|  0%| F|  |TAMS 0x000000070e400000, 0x000000070e400000| Untracked 
|  74|0x000000070e600000, 0x000000070e600000, 0x000000070e800000|  0%| F|  |TAMS 0x000000070e600000, 0x000000070e600000| Untracked 
|  75|0x000000070e800000, 0x000000070e800000, 0x000000070ea00000|  0%| F|  |TAMS 0x000000070e800000, 0x000000070e800000| Untracked 
|  76|0x000000070ea00000, 0x000000070ea00000, 0x000000070ec00000|  0%| F|  |TAMS 0x000000070ea00000, 0x000000070ea00000| Untracked 
|  77|0x000000070ec00000, 0x000000070ec00000, 0x000000070ee00000|  0%| F|  |TAMS 0x000000070ec00000, 0x000000070ec00000| Untracked 
|  78|0x000000070ee00000, 0x000000070ee00000, 0x000000070f000000|  0%| F|  |TAMS 0x000000070ee00000, 0x000000070ee00000| Untracked 
|  79|0x000000070f000000, 0x000000070f000000, 0x000000070f200000|  0%| F|  |TAMS 0x000000070f000000, 0x000000070f000000| Untracked 
|  80|0x000000070f200000, 0x000000070f200000, 0x000000070f400000|  0%| F|  |TAMS 0x000000070f200000, 0x000000070f200000| Untracked 
|  81|0x000000070f400000, 0x000000070f400000, 0x000000070f600000|  0%| F|  |TAMS 0x000000070f400000, 0x000000070f400000| Untracked 
|  82|0x000000070f600000, 0x000000070f600000, 0x000000070f800000|  0%| F|  |TAMS 0x000000070f600000, 0x000000070f600000| Untracked 
|  83|0x000000070f800000, 0x000000070f800000, 0x000000070fa00000|  0%| F|  |TAMS 0x000000070f800000, 0x000000070f800000| Untracked 
|  84|0x000000070fa00000, 0x000000070fa00000, 0x000000070fc00000|  0%| F|  |TAMS 0x000000070fa00000, 0x000000070fa00000| Untracked 
|  85|0x000000070fc00000, 0x000000070fc00000, 0x000000070fe00000|  0%| F|  |TAMS 0x000000070fc00000, 0x000000070fc00000| Untracked 
|  86|0x000000070fe00000, 0x000000070fe00000, 0x0000000710000000|  0%| F|  |TAMS 0x000000070fe00000, 0x000000070fe00000| Untracked 
|  87|0x0000000710000000, 0x0000000710000000, 0x0000000710200000|  0%| F|  |TAMS 0x0000000710000000, 0x0000000710000000| Untracked 
|  88|0x0000000710200000, 0x0000000710200000, 0x0000000710400000|  0%| F|  |TAMS 0x0000000710200000, 0x0000000710200000| Untracked 
|  89|0x0000000710400000, 0x0000000710400000, 0x0000000710600000|  0%| F|  |TAMS 0x0000000710400000, 0x0000000710400000| Untracked 
|  90|0x0000000710600000, 0x0000000710600000, 0x0000000710800000|  0%| F|  |TAMS 0x0000000710600000, 0x0000000710600000| Untracked 
|  91|0x0000000710800000, 0x0000000710800000, 0x0000000710a00000|  0%| F|  |TAMS 0x0000000710800000, 0x0000000710800000| Untracked 
|  92|0x0000000710a00000, 0x0000000710a00000, 0x0000000710c00000|  0%| F|  |TAMS 0x0000000710a00000, 0x0000000710a00000| Untracked 
|  93|0x0000000710c00000, 0x0000000710c00000, 0x0000000710e00000|  0%| F|  |TAMS 0x0000000710c00000, 0x0000000710c00000| Untracked 
|  94|0x0000000710e00000, 0x0000000710e00000, 0x0000000711000000|  0%| F|  |TAMS 0x0000000710e00000, 0x0000000710e00000| Untracked 
|  95|0x0000000711000000, 0x0000000711000000, 0x0000000711200000|  0%| F|  |TAMS 0x0000000711000000, 0x0000000711000000| Untracked 
|  96|0x0000000711200000, 0x0000000711200000, 0x0000000711400000|  0%| F|  |TAMS 0x0000000711200000, 0x0000000711200000| Untracked 
|  97|0x0000000711400000, 0x0000000711400000, 0x0000000711600000|  0%| F|  |TAMS 0x0000000711400000, 0x0000000711400000| Untracked 
|  98|0x0000000711600000, 0x0000000711600000, 0x0000000711800000|  0%| F|  |TAMS 0x0000000711600000, 0x0000000711600000| Untracked 
|  99|0x0000000711800000, 0x0000000711800000, 0x0000000711a00000|  0%| F|  |TAMS 0x0000000711800000, 0x0000000711800000| Untracked 
| 100|0x0000000711a00000, 0x0000000711a00000, 0x0000000711c00000|  0%| F|  |TAMS 0x0000000711a00000, 0x0000000711a00000| Untracked 
| 101|0x0000000711c00000, 0x0000000711c00000, 0x0000000711e00000|  0%| F|  |TAMS 0x0000000711c00000, 0x0000000711c00000| Untracked 
| 102|0x0000000711e00000, 0x0000000711e00000, 0x0000000712000000|  0%| F|  |TAMS 0x0000000711e00000, 0x0000000711e00000| Untracked 
| 103|0x0000000712000000, 0x0000000712000000, 0x0000000712200000|  0%| F|  |TAMS 0x0000000712000000, 0x0000000712000000| Untracked 
| 104|0x0000000712200000, 0x0000000712200000, 0x0000000712400000|  0%| F|  |TAMS 0x0000000712200000, 0x0000000712200000| Untracked 
| 105|0x0000000712400000, 0x0000000712400000, 0x0000000712600000|  0%| F|  |TAMS 0x0000000712400000, 0x0000000712400000| Untracked 
| 106|0x0000000712600000, 0x0000000712600000, 0x0000000712800000|  0%| F|  |TAMS 0x0000000712600000, 0x0000000712600000| Untracked 
| 107|0x0000000712800000, 0x0000000712800000, 0x0000000712a00000|  0%| F|  |TAMS 0x0000000712800000, 0x0000000712800000| Untracked 
| 108|0x0000000712a00000, 0x0000000712a00000, 0x0000000712c00000|  0%| F|  |TAMS 0x0000000712a00000, 0x0000000712a00000| Untracked 
| 109|0x0000000712c00000, 0x0000000712c00000, 0x0000000712e00000|  0%| F|  |TAMS 0x0000000712c00000, 0x0000000712c00000| Untracked 
| 110|0x0000000712e00000, 0x0000000712e00000, 0x0000000713000000|  0%| F|  |TAMS 0x0000000712e00000, 0x0000000712e00000| Untracked 
| 111|0x0000000713000000, 0x0000000713000000, 0x0000000713200000|  0%| F|  |TAMS 0x0000000713000000, 0x0000000713000000| Untracked 
| 112|0x0000000713200000, 0x0000000713200000, 0x0000000713400000|  0%| F|  |TAMS 0x0000000713200000, 0x0000000713200000| Untracked 
| 113|0x0000000713400000, 0x0000000713600000, 0x0000000713600000|100%| S|CS|TAMS 0x0000000713400000, 0x0000000713400000| Complete 
| 114|0x0000000713600000, 0x0000000713800000, 0x0000000713800000|100%| S|CS|TAMS 0x0000000713600000, 0x0000000713600000| Complete 
| 115|0x0000000713800000, 0x0000000713800000, 0x0000000713a00000|  0%| F|  |TAMS 0x0000000713800000, 0x0000000713800000| Untracked 
| 116|0x0000000713a00000, 0x0000000713a00000, 0x0000000713c00000|  0%| F|  |TAMS 0x0000000713a00000, 0x0000000713a00000| Untracked 
| 117|0x0000000713c00000, 0x0000000713c00000, 0x0000000713e00000|  0%| F|  |TAMS 0x0000000713c00000, 0x0000000713c00000| Untracked 
| 118|0x0000000713e00000, 0x0000000713e00000, 0x0000000714000000|  0%| F|  |TAMS 0x0000000713e00000, 0x0000000713e00000| Untracked 
| 119|0x0000000714000000, 0x0000000714000000, 0x0000000714200000|  0%| F|  |TAMS 0x0000000714000000, 0x0000000714000000| Untracked 
| 120|0x0000000714200000, 0x0000000714200000, 0x0000000714400000|  0%| F|  |TAMS 0x0000000714200000, 0x0000000714200000| Untracked 
| 121|0x0000000714400000, 0x0000000714400000, 0x0000000714600000|  0%| F|  |TAMS 0x0000000714400000, 0x0000000714400000| Untracked 
| 122|0x0000000714600000, 0x0000000714779968, 0x0000000714800000| 73%| E|  |TAMS 0x0000000714600000, 0x0000000714600000| Complete 
| 123|0x0000000714800000, 0x0000000714a00000, 0x0000000714a00000|100%| E|CS|TAMS 0x0000000714800000, 0x0000000714800000| Complete 
| 124|0x0000000714a00000, 0x0000000714c00000, 0x0000000714c00000|100%| E|CS|TAMS 0x0000000714a00000, 0x0000000714a00000| Complete 
| 125|0x0000000714c00000, 0x0000000714e00000, 0x0000000714e00000|100%| E|CS|TAMS 0x0000000714c00000, 0x0000000714c00000| Complete 

Card table byte_map: [0x000001c47eaa0000,0x000001c47f280000] _byte_map_base: 0x000001c47b277000

Marking Bits (Prev, Next): (CMBitMap*) 0x000001c47bfab9f0, (CMBitMap*) 0x000001c47bfaba30
 Prev Bits: [0x000001c4125e0000, 0x000001c416498000)
 Next Bits: [0x000001c4164a0000, 0x000001c41a358000)

Polling page: 0x000001c47c030000

Metaspace:

Usage:
  Non-class:     15.64 MB used.
      Class:      1.84 MB used.
       Both:     17.48 MB used.

Virtual space:
  Non-class space:       16.00 MB reserved,      15.69 MB ( 98%) committed,  2 nodes.
      Class space:        1.00 GB reserved,       1.94 MB ( <1%) committed,  1 nodes.
             Both:        1.02 GB reserved,      17.62 MB (  2%) committed. 

Chunk freelists:
   Non-Class:  130.00 KB
       Class:  2.02 MB
        Both:  2.14 MB

MaxMetaspaceSize: unlimited
CompressedClassSpaceSize: 1.00 GB
Initial GC threshold: 21.00 MB
Current GC threshold: 21.00 MB
CDS: off
MetaspaceReclaimPolicy: balanced
 - commit_granule_bytes: 65536.
 - commit_granule_words: 8192.
 - virtual_space_node_default_size: 1048576.
 - enlarge_chunks_in_place: 1.
 - new_chunks_are_fully_committed: 0.
 - uncommit_free_chunks: 1.
 - use_allocation_guard: 0.
 - handle_deallocations: 1.


Internal statistics:

num_allocs_failed_limit: 0.
num_arena_births: 142.
num_arena_deaths: 0.
num_vsnodes_births: 3.
num_vsnodes_deaths: 0.
num_space_committed: 282.
num_space_uncommitted: 0.
num_chunks_returned_to_freelist: 0.
num_chunks_taken_from_freelist: 390.
num_chunk_merges: 0.
num_chunk_splits: 222.
num_chunks_enlarged: 160.
num_purges: 0.
num_inconsistent_stats: 0.

CodeHeap 'non-profiled nmethods': size=120000Kb used=515Kb max_used=515Kb free=119484Kb
 bounds [0x000001c40b0b0000, 0x000001c40b320000, 0x000001c4125e0000]
CodeHeap 'profiled nmethods': size=120000Kb used=2503Kb max_used=2503Kb free=117496Kb
 bounds [0x000001c403b80000, 0x000001c403e00000, 0x000001c40b0b0000]
CodeHeap 'non-nmethods': size=5760Kb used=1184Kb max_used=1211Kb free=4575Kb
 bounds [0x000001c4035e0000, 0x000001c403850000, 0x000001c403b80000]
 total_blobs=1885 nmethods=1403 adapters=395
 compilation: enabled
              stopped_count=0, restarted_count=0
 full_count=0

Compilation events (20 events):
Event: 1.416 Thread 0x000001c41d46e700 nmethod 1398 0x000001c403deeb10 code [0x000001c403deecc0, 0x000001c403deeea8]
Event: 1.416 Thread 0x000001c41d46e700 1400       3       java.util.RegularEnumSet::isEmpty (15 bytes)
Event: 1.416 Thread 0x000001c41d46e700 nmethod 1400 0x000001c403deef90 code [0x000001c403def120, 0x000001c403def298]
Event: 1.416 Thread 0x000001c41d46e700 1401       3       sun.security.util.DisabledAlgorithmConstraints::permits (56 bytes)
Event: 1.416 Thread 0x000001c41d46e700 nmethod 1401 0x000001c403def310 code [0x000001c403def500, 0x000001c403def998]
Event: 1.416 Thread 0x000001c41d46e700 1397       3       java.util.regex.Pattern$GroupTail::match (111 bytes)
Event: 1.417 Thread 0x000001c41d46dd10 nmethod 1389 0x000001c40b12db90 code [0x000001c40b12dd40, 0x000001c40b12e2f8]
Event: 1.417 Thread 0x000001c41d46e700 nmethod 1397 0x000001c403defb10 code [0x000001c403defce0, 0x000001c403df00a8]
Event: 1.417 Thread 0x000001c41d46dd10 1390       4       java.util.regex.Pattern$SliceI::match (96 bytes)
Event: 1.417 Thread 0x000001c41d62e0a0 nmethod 1392 0x000001c40b12e790 code [0x000001c40b12e920, 0x000001c40b12edb8]
Event: 1.417 Thread 0x000001c41d62e0a0 1394       4       java.lang.String$CaseInsensitiveComparator::compare (68 bytes)
Event: 1.422 Thread 0x000001c41d46e700 1403       3       jdk.internal.reflect.ReflectionFactory::inflationThreshold (4 bytes)
Event: 1.422 Thread 0x000001c41d46e700 nmethod 1403 0x000001c403df0290 code [0x000001c403df0420, 0x000001c403df0518]
Event: 1.426 Thread 0x000001c41d62e0a0 nmethod 1394 0x000001c40b12f190 code [0x000001c40b12f320, 0x000001c40b12f878]
Event: 1.426 Thread 0x000001c41d62e0a0 1399       4       java.util.HashMap$KeyIterator::next (8 bytes)
Event: 1.426 Thread 0x000001c41d46e700 1404       3       sun.security.util.ObjectIdentifier::checkOtherComponent (41 bytes)
Event: 1.427 Thread 0x000001c41d46e700 nmethod 1404 0x000001c403df0590 code [0x000001c403df07e0, 0x000001c403df0ee8]
Event: 1.427 Thread 0x000001c41d46e700 1405       3       sun.security.util.ObjectIdentifier::checkOidSize (54 bytes)
Event: 1.427 Thread 0x000001c41d46dd10 nmethod 1390 0x000001c40b12fc90 code [0x000001c40b12fe40, 0x000001c40b130368]
Event: 1.428 Thread 0x000001c41d46e700 nmethod 1405 0x000001c403df1190 code [0x000001c403df1400, 0x000001c403df1c28]

GC Heap History (2 events):
Event: 1.180 GC heap before
{Heap before GC invocations=0 (full 0):
 garbage-first heap   total 258048K, used 20480K [0x0000000705200000, 0x0000000800000000)
  region size 2048K, 11 young (22528K), 0 survivors (0K)
 Metaspace       used 15294K, committed 15424K, reserved 1064960K
  class space    used 1561K, committed 1600K, reserved 1048576K
}
Event: 1.185 GC heap after
{Heap after GC invocations=1 (full 0):
 garbage-first heap   total 258048K, used 4281K [0x0000000705200000, 0x0000000800000000)
  region size 2048K, 2 young (4096K), 2 survivors (4096K)
 Metaspace       used 15294K, committed 15424K, reserved 1064960K
  class space    used 1561K, committed 1600K, reserved 1048576K
}

Deoptimization events (20 events):
Event: 1.161 Thread 0x000001c47bf5c700 Uncommon trap: trap_request=0xffffffde fr.pc=0x000001c40b117c48 relative=0x0000000000000128
Event: 1.161 Thread 0x000001c47bf5c700 Uncommon trap: reason=class_check action=maybe_recompile pc=0x000001c40b117c48 method=jdk.internal.misc.Unsafe.allocateUninitializedArray(Ljava/lang/Class;I)Ljava/lang/Object; @ 51 c2
Event: 1.161 Thread 0x000001c47bf5c700 DEOPT PACKING pc=0x000001c40b117c48 sp=0x0000003c1e3f8df0
Event: 1.161 Thread 0x000001c47bf5c700 DEOPT UNPACKING pc=0x000001c4036323a3 sp=0x0000003c1e3f8d78 mode 2
Event: 1.321 Thread 0x000001c47bf5c700 Uncommon trap: trap_request=0xffffffc6 fr.pc=0x000001c40b0eff3c relative=0x000000000000047c
Event: 1.321 Thread 0x000001c47bf5c700 Uncommon trap: reason=bimorphic_or_optimized_type_check action=maybe_recompile pc=0x000001c40b0eff3c method=java.util.HashMap.getNode(Ljava/lang/Object;)Ljava/util/HashMap$Node; @ 128 c2
Event: 1.321 Thread 0x000001c47bf5c700 DEOPT PACKING pc=0x000001c40b0eff3c sp=0x0000003c1e3fbf30
Event: 1.321 Thread 0x000001c47bf5c700 DEOPT UNPACKING pc=0x000001c4036323a3 sp=0x0000003c1e3fbe48 mode 2
Event: 1.321 Thread 0x000001c47bf5c700 Uncommon trap: trap_request=0xffffffc6 fr.pc=0x000001c40b0eff3c relative=0x000000000000047c
Event: 1.321 Thread 0x000001c47bf5c700 Uncommon trap: reason=bimorphic_or_optimized_type_check action=maybe_recompile pc=0x000001c40b0eff3c method=java.util.HashMap.getNode(Ljava/lang/Object;)Ljava/util/HashMap$Node; @ 128 c2
Event: 1.321 Thread 0x000001c47bf5c700 DEOPT PACKING pc=0x000001c40b0eff3c sp=0x0000003c1e3fbf30
Event: 1.321 Thread 0x000001c47bf5c700 DEOPT UNPACKING pc=0x000001c4036323a3 sp=0x0000003c1e3fbe48 mode 2
Event: 1.322 Thread 0x000001c47bf5c700 Uncommon trap: trap_request=0xffffffc6 fr.pc=0x000001c40b0eff3c relative=0x000000000000047c
Event: 1.322 Thread 0x000001c47bf5c700 Uncommon trap: reason=bimorphic_or_optimized_type_check action=maybe_recompile pc=0x000001c40b0eff3c method=java.util.HashMap.getNode(Ljava/lang/Object;)Ljava/util/HashMap$Node; @ 128 c2
Event: 1.322 Thread 0x000001c47bf5c700 DEOPT PACKING pc=0x000001c40b0eff3c sp=0x0000003c1e3fbf30
Event: 1.322 Thread 0x000001c47bf5c700 DEOPT UNPACKING pc=0x000001c4036323a3 sp=0x0000003c1e3fbe48 mode 2
Event: 1.324 Thread 0x000001c47bf5c700 Uncommon trap: trap_request=0xffffffc6 fr.pc=0x000001c40b0eff3c relative=0x000000000000047c
Event: 1.324 Thread 0x000001c47bf5c700 Uncommon trap: reason=bimorphic_or_optimized_type_check action=maybe_recompile pc=0x000001c40b0eff3c method=java.util.HashMap.getNode(Ljava/lang/Object;)Ljava/util/HashMap$Node; @ 128 c2
Event: 1.324 Thread 0x000001c47bf5c700 DEOPT PACKING pc=0x000001c40b0eff3c sp=0x0000003c1e3fbf30
Event: 1.324 Thread 0x000001c47bf5c700 DEOPT UNPACKING pc=0x000001c4036323a3 sp=0x0000003c1e3fbe48 mode 2

Classes unloaded (0 events):
No events

Classes redefined (0 events):
No events

Internal exceptions (20 events):
Event: 0.955 Thread 0x000001c47bf5c700 Exception <a 'java/lang/NoSuchMethodError'{0x0000000713c09058}: 'java.lang.Object java.lang.invoke.Invokers$Holder.linkToTargetMethod(java.lang.Object, java.lang.Object, java.lang.Object, java.lang.Object, java.lang.Object, java.lang.Object, java.lang.Object, java.lang.Object, java.lang.Object)'> (0x0000000713c09058) 
thrown [e:\jenkins\tmp\workspace\build\src\src\hotspot\share\interpreter\linkResolver.cpp, line 766]
Event: 0.966 Thread 0x000001c47bf5c700 Exception <a 'java/lang/NoSuchMethodError'{0x0000000713c4e500}: 'java.lang.Object java.lang.invoke.DirectMethodHandle$Holder.newInvokeSpecial(java.lang.Object, java.lang.Object, java.lang.Object, java.lang.Object, java.lang.Object, java.lang.Object, java.lang.Object)'> (0x0000000713c4e500) 
thrown [e:\jenkins\tmp\workspace\build\src\src\hotspot\share\interpreter\linkResolver.cpp, line 766]
Event: 0.967 Thread 0x000001c47bf5c700 Exception <a 'java/lang/NoSuchMethodError'{0x0000000713c53168}: 'java.lang.Object java.lang.invoke.Invokers$Holder.linkToTargetMethod(java.lang.Object, java.lang.Object, java.lang.Object, java.lang.Object, java.lang.Object, java.lang.Object, java.lang.Object)'> (0x0000000713c53168) 
thrown [e:\jenkins\tmp\workspace\build\src\src\hotspot\share\interpreter\linkResolver.cpp, line 766]
Event: 0.968 Thread 0x000001c47bf5c700 Exception <a 'java/lang/NoSuchMethodError'{0x0000000713c5dc50}: 'void java.lang.invoke.DirectMethodHandle$Holder.invokeStatic(java.lang.Object, java.lang.Object, java.lang.Object, java.lang.Object)'> (0x0000000713c5dc50) 
thrown [e:\jenkins\tmp\workspace\build\src\src\hotspot\share\interpreter\linkResolver.cpp, line 766]
Event: 0.982 Thread 0x000001c47bf5c700 Exception <a 'java/lang/NoSuchMethodError'{0x0000000713cb4e38}: 'java.lang.Object java.lang.invoke.DirectMethodHandle$Holder.newInvokeSpecial(java.lang.Object, java.lang.Object, java.lang.Object, java.lang.Object, java.lang.Object)'> (0x0000000713cb4e38) 
thrown [e:\jenkins\tmp\workspace\build\src\src\hotspot\share\interpreter\linkResolver.cpp, line 766]
Event: 0.988 Thread 0x000001c47bf5c700 Exception <a 'java/lang/NoSuchMethodError'{0x0000000713ce1dc8}: 'int java.lang.invoke.DirectMethodHandle$Holder.invokeSpecial(java.lang.Object, java.lang.Object, java.lang.Object)'> (0x0000000713ce1dc8) 
thrown [e:\jenkins\tmp\workspace\build\src\src\hotspot\share\interpreter\linkResolver.cpp, line 766]
Event: 1.006 Thread 0x000001c47bf5c700 Exception <a 'java/lang/IncompatibleClassChangeError'{0x0000000713d494d8}: Found class java.lang.Object, but interface was expected> (0x0000000713d494d8) 
thrown [e:\jenkins\tmp\workspace\build\src\src\hotspot\share\interpreter\linkResolver.cpp, line 833]
Event: 1.042 Thread 0x000001c47bf5c700 Exception <a 'java/lang/NoSuchMethodError'{0x0000000713ddd698}: 'java.lang.Object java.lang.invoke.DirectMethodHandle$Holder.newInvokeSpecial(java.lang.Object, int, java.lang.Object)'> (0x0000000713ddd698) 
thrown [e:\jenkins\tmp\workspace\build\src\src\hotspot\share\interpreter\linkResolver.cpp, line 766]
Event: 1.056 Thread 0x000001c47bf5c700 Exception <a 'java/lang/NoSuchMethodError'{0x0000000713a1d618}: 'java.lang.Object java.lang.invoke.DirectMethodHandle$Holder.invokeStatic(java.lang.Object, java.lang.Object, java.lang.Object, int, java.lang.Object, java.lang.Object)'> (0x0000000713a1d618) 
thrown [e:\jenkins\tmp\workspace\build\src\src\hotspot\share\interpreter\linkResolver.cpp, line 766]
Event: 1.058 Thread 0x000001c47bf5c700 Exception <a 'java/lang/NoSuchMethodError'{0x0000000713a29b38}: 'java.lang.Object java.lang.invoke.DirectMethodHandle$Holder.newInvokeSpecial(java.lang.Object, java.lang.Object, java.lang.Object, int, java.lang.Object)'> (0x0000000713a29b38) 
thrown [e:\jenkins\tmp\workspace\build\src\src\hotspot\share\interpreter\linkResolver.cpp, line 766]
Event: 1.058 Thread 0x000001c47bf5c700 Exception <a 'java/lang/NoSuchMethodError'{0x0000000713a316f8}: 'java.lang.Object java.lang.invoke.Invokers$Holder.linkToTargetMethod(java.lang.Object, java.lang.Object, int, java.lang.Object, java.lang.Object)'> (0x0000000713a316f8) 
thrown [e:\jenkins\tmp\workspace\build\src\src\hotspot\share\interpreter\linkResolver.cpp, line 766]
Event: 1.074 Thread 0x000001c47bf5c700 Exception <a 'java/lang/NoSuchMethodError'{0x0000000713b57320}: 'void java.lang.invoke.DirectMethodHandle$Holder.invokeStatic(java.lang.Object, java.lang.Object, java.lang.Object)'> (0x0000000713b57320) 
thrown [e:\jenkins\tmp\workspace\build\src\src\hotspot\share\interpreter\linkResolver.cpp, line 766]
Event: 1.166 Thread 0x000001c47bf5c700 Exception <a 'java/net/SocketException'{0x00000007139cf658}: Socket is not connected: shutdown> (0x00000007139cf658) 
thrown [e:\jenkins\tmp\workspace\build\src\src\hotspot\share\prims\jni.cpp, line 535]
Event: 1.262 Thread 0x000001c47bf5c700 Exception <a 'java/lang/NoSuchMethodError'{0x0000000714b09580}: 'void java.lang.invoke.DirectMethodHandle$Holder.invokeStaticInit(java.lang.Object, java.lang.Object)'> (0x0000000714b09580) 
thrown [e:\jenkins\tmp\workspace\build\src\src\hotspot\share\interpreter\linkResolver.cpp, line 766]
Event: 1.285 Thread 0x000001c47bf5c700 Exception <a 'java/lang/NoSuchMethodError'{0x000000071482e8f0}: 'java.lang.Object java.lang.invoke.DirectMethodHandle$Holder.invokeStatic(java.lang.Object, java.lang.Object, int)'> (0x000000071482e8f0) 
thrown [e:\jenkins\tmp\workspace\build\src\src\hotspot\share\interpreter\linkResolver.cpp, line 766]
Event: 1.286 Thread 0x000001c47bf5c700 Exception <a 'java/lang/NoSuchMethodError'{0x0000000714832310}: 'java.lang.Object java.lang.invoke.DirectMethodHandle$Holder.invokeStaticInit(java.lang.Object, java.lang.Object, int)'> (0x0000000714832310) 
thrown [e:\jenkins\tmp\workspace\build\src\src\hotspot\share\interpreter\linkResolver.cpp, line 766]
Event: 1.286 Thread 0x000001c47bf5c700 Exception <a 'java/lang/NoSuchMethodError'{0x00000007148385f0}: 'java.lang.Object java.lang.invoke.DirectMethodHandle$Holder.newInvokeSpecial(java.lang.Object, java.lang.Object, int)'> (0x00000007148385f0) 
thrown [e:\jenkins\tmp\workspace\build\src\src\hotspot\share\interpreter\linkResolver.cpp, line 766]
Event: 1.291 Thread 0x000001c47bf5c700 Exception <a 'java/lang/NoSuchMethodError'{0x0000000714856f48}: 'int java.lang.invoke.DirectMethodHandle$Holder.invokeSpecialIFC(java.lang.Object, java.lang.Object, java.lang.Object)'> (0x0000000714856f48) 
thrown [e:\jenkins\tmp\workspace\build\src\src\hotspot\share\interpreter\linkResolver.cpp, line 766]
Event: 1.348 Thread 0x000001c47bf5c700 Exception <a 'sun/nio/fs/WindowsException'{0x00000007149ab9d0}> (0x00000007149ab9d0) 
thrown [e:\jenkins\tmp\workspace\build\src\src\hotspot\share\prims\jni.cpp, line 516]
Event: 1.361 Thread 0x000001c47bf5c700 Exception <a 'java/lang/NoSuchMethodError'{0x00000007149ceea8}: 'int java.lang.invoke.DirectMethodHandle$Holder.invokeStaticInit(java.lang.Object, java.lang.Object, java.lang.Object, java.lang.Object)'> (0x00000007149ceea8) 
thrown [e:\jenkins\tmp\workspace\build\src\src\hotspot\share\interpreter\linkResolver.cpp, line 766]

VM Operations (20 events):
Event: 0.468 Executing VM operation: HandshakeAllThreads
Event: 0.468 Executing VM operation: HandshakeAllThreads done
Event: 0.563 Executing VM operation: HandshakeAllThreads
Event: 0.563 Executing VM operation: HandshakeAllThreads done
Event: 0.581 Executing VM operation: HandshakeAllThreads
Event: 0.581 Executing VM operation: HandshakeAllThreads done
Event: 0.698 Executing VM operation: HandshakeAllThreads
Event: 0.698 Executing VM operation: HandshakeAllThreads done
Event: 0.713 Executing VM operation: HandshakeAllThreads
Event: 0.714 Executing VM operation: HandshakeAllThreads done
Event: 0.788 Executing VM operation: HandshakeAllThreads
Event: 0.788 Executing VM operation: HandshakeAllThreads done
Event: 0.789 Executing VM operation: HandshakeAllThreads
Event: 0.789 Executing VM operation: HandshakeAllThreads done
Event: 1.167 Executing VM operation: HandshakeAllThreads
Event: 1.167 Executing VM operation: HandshakeAllThreads done
Event: 1.167 Executing VM operation: Cleanup
Event: 1.168 Executing VM operation: Cleanup done
Event: 1.180 Executing VM operation: G1CollectForAllocation
Event: 1.185 Executing VM operation: G1CollectForAllocation done

Events (20 events):
Event: 1.420 loading class sun/security/ssl/TrustStoreManager$TrustStoreDescriptor$1 done
Event: 1.420 loading class java/security/KeyStore
Event: 1.420 loading class java/security/KeyStore done
Event: 1.420 loading class java/security/KeyStore$1
Event: 1.421 loading class java/security/KeyStore$1 done
Event: 1.421 loading class java/security/KeyStoreSpi
Event: 1.422 loading class java/security/KeyStoreSpi done
Event: 1.422 loading class sun/security/pkcs12/PKCS12KeyStore$DualFormatPKCS12
Event: 1.422 loading class sun/security/util/KeyStoreDelegator
Event: 1.422 loading class sun/security/util/KeyStoreDelegator done
Event: 1.422 loading class sun/security/pkcs12/PKCS12KeyStore$DualFormatPKCS12 done
Event: 1.422 loading class sun/security/pkcs12/PKCS12KeyStore
Event: 1.424 loading class sun/security/pkcs12/PKCS12KeyStore done
Event: 1.424 loading class sun/security/provider/JavaKeyStore$JKS
Event: 1.424 loading class sun/security/provider/JavaKeyStore
Event: 1.425 loading class sun/security/provider/JavaKeyStore done
Event: 1.425 loading class sun/security/provider/JavaKeyStore$JKS done
Event: 1.425 loading class sun/security/action/OpenFileInputStreamAction
Event: 1.425 loading class sun/security/action/OpenFileInputStreamAction done
Event: 1.426 loading class sun/security/util/DerValue


Dynamic libraries:
0x00007ff6e7a20000 - 0x00007ff6e7a2e000 	C:\Users\Ahmed\.p2\pool\plugins\org.eclipse.justj.openjdk.hotspot.jre.full.win32.x86_64_17.0.2.v20220201-1208\jre\bin\javaw.exe
0x00007ff834f50000 - 0x00007ff835148000 	C:\WINDOWS\SYSTEM32\ntdll.dll
0x00007ff834aa0000 - 0x00007ff834b5f000 	C:\WINDOWS\System32\KERNEL32.DLL
0x00007ff832a70000 - 0x00007ff832d66000 	C:\WINDOWS\System32\KERNELBASE.dll
0x00007ff832d70000 - 0x00007ff832e70000 	C:\WINDOWS\System32\ucrtbase.dll
0x00007ff81b300000 - 0x00007ff81b318000 	C:\Users\Ahmed\.p2\pool\plugins\org.eclipse.justj.openjdk.hotspot.jre.full.win32.x86_64_17.0.2.v20220201-1208\jre\bin\jli.dll
0x00007ff833c80000 - 0x00007ff833e1d000 	C:\WINDOWS\System32\USER32.dll
0x00007ff8329c0000 - 0x00007ff8329e2000 	C:\WINDOWS\System32\win32u.dll
0x00007ff834b60000 - 0x00007ff834b8c000 	C:\WINDOWS\System32\GDI32.dll
0x00007ff832830000 - 0x00007ff832945000 	C:\WINDOWS\System32\gdi32full.dll
0x00007ff832790000 - 0x00007ff83282d000 	C:\WINDOWS\System32\msvcp_win.dll
0x00007ff81ae90000 - 0x00007ff81aea9000 	C:\Users\Ahmed\.p2\pool\plugins\org.eclipse.justj.openjdk.hotspot.jre.full.win32.x86_64_17.0.2.v20220201-1208\jre\bin\VCRUNTIME140.dll
0x00007ff81b380000 - 0x00007ff81b61a000 	C:\WINDOWS\WinSxS\amd64_microsoft.windows.common-controls_6595b64144ccf1df_6.0.19041.1110_none_60b5254171f9507e\COMCTL32.dll
0x00007ff8332b0000 - 0x00007ff83334e000 	C:\WINDOWS\System32\msvcrt.dll
0x00007ff8346b0000 - 0x00007ff8346e0000 	C:\WINDOWS\System32\IMM32.DLL
0x00007ff82dbe0000 - 0x00007ff82dbec000 	C:\Users\Ahmed\.p2\pool\plugins\org.eclipse.justj.openjdk.hotspot.jre.full.win32.x86_64_17.0.2.v20220201-1208\jre\bin\vcruntime140_1.dll
0x00007ff81ad10000 - 0x00007ff81ada1000 	C:\Users\Ahmed\.p2\pool\plugins\org.eclipse.justj.openjdk.hotspot.jre.full.win32.x86_64_17.0.2.v20220201-1208\jre\bin\msvcp140.dll
0x00007ffff1040000 - 0x00007ffff1c87000 	C:\Users\Ahmed\.p2\pool\plugins\org.eclipse.justj.openjdk.hotspot.jre.full.win32.x86_64_17.0.2.v20220201-1208\jre\bin\server\jvm.dll
0x00007ff8346e0000 - 0x00007ff83478f000 	C:\WINDOWS\System32\ADVAPI32.dll
0x00007ff832fb0000 - 0x00007ff83304c000 	C:\WINDOWS\System32\sechost.dll
0x00007ff833050000 - 0x00007ff833176000 	C:\WINDOWS\System32\RPCRT4.dll
0x00007ff833e20000 - 0x00007ff833e28000 	C:\WINDOWS\System32\PSAPI.DLL
0x00007ff82bed0000 - 0x00007ff82bed9000 	C:\WINDOWS\SYSTEM32\WSOCK32.dll
0x00007ff814220000 - 0x00007ff814247000 	C:\WINDOWS\SYSTEM32\WINMM.dll
0x00007ff834890000 - 0x00007ff8348fb000 	C:\WINDOWS\System32\WS2_32.dll
0x00007ff8270b0000 - 0x00007ff8270ba000 	C:\WINDOWS\SYSTEM32\VERSION.dll
0x00007ff830e80000 - 0x00007ff830e92000 	C:\WINDOWS\SYSTEM32\kernel.appcore.dll
0x00007ff82dbc0000 - 0x00007ff82dbca000 	C:\Users\Ahmed\.p2\pool\plugins\org.eclipse.justj.openjdk.hotspot.jre.full.win32.x86_64_17.0.2.v20220201-1208\jre\bin\jimage.dll
0x00007ff830350000 - 0x00007ff830534000 	C:\WINDOWS\SYSTEM32\DBGHELP.DLL
0x00007ff812a00000 - 0x00007ff812a34000 	C:\WINDOWS\SYSTEM32\dbgcore.DLL
0x00007ff832f20000 - 0x00007ff832fa2000 	C:\WINDOWS\System32\bcryptPrimitives.dll
0x00007ff824840000 - 0x00007ff824865000 	C:\Users\Ahmed\.p2\pool\plugins\org.eclipse.justj.openjdk.hotspot.jre.full.win32.x86_64_17.0.2.v20220201-1208\jre\bin\java.dll
0x00007ff82bdd0000 - 0x00007ff82bde8000 	C:\Users\Ahmed\.p2\pool\plugins\org.eclipse.justj.openjdk.hotspot.jre.full.win32.x86_64_17.0.2.v20220201-1208\jre\bin\zip.dll
0x00007ff833e90000 - 0x00007ff8345d4000 	C:\WINDOWS\System32\SHELL32.dll
0x00007ff8306d0000 - 0x00007ff830e63000 	C:\WINDOWS\SYSTEM32\windows.storage.dll
0x00007ff833920000 - 0x00007ff833c74000 	C:\WINDOWS\System32\combase.dll
0x00007ff832090000 - 0x00007ff8320be000 	C:\WINDOWS\SYSTEM32\Wldp.dll
0x00007ff8337e0000 - 0x00007ff83388d000 	C:\WINDOWS\System32\SHCORE.dll
0x00007ff834960000 - 0x00007ff8349b5000 	C:\WINDOWS\System32\shlwapi.dll
0x00007ff832570000 - 0x00007ff83258f000 	C:\WINDOWS\SYSTEM32\profapi.dll
0x00007ff82bd50000 - 0x00007ff82bd69000 	C:\Users\Ahmed\.p2\pool\plugins\org.eclipse.justj.openjdk.hotspot.jre.full.win32.x86_64_17.0.2.v20220201-1208\jre\bin\net.dll
0x00007ff82d5b0000 - 0x00007ff82d6ba000 	C:\WINDOWS\SYSTEM32\WINHTTP.dll
0x00007ff831df0000 - 0x00007ff831e5a000 	C:\WINDOWS\system32\mswsock.dll
0x00007ff81b890000 - 0x00007ff81b8a5000 	C:\Users\Ahmed\.p2\pool\plugins\org.eclipse.justj.openjdk.hotspot.jre.full.win32.x86_64_17.0.2.v20220201-1208\jre\bin\nio.dll
0x00007ff831ae0000 - 0x00007ff831bab000 	C:\WINDOWS\SYSTEM32\DNSAPI.dll
0x00007ff831a90000 - 0x00007ff831acc000 	C:\WINDOWS\SYSTEM32\IPHLPAPI.DLL
0x00007ff834870000 - 0x00007ff834878000 	C:\WINDOWS\System32\NSI.dll
0x000000005b680000 - 0x000000005b6a6000 	C:\Program Files\Bonjour\mdnsNSP.dll
0x00007ff826160000 - 0x00007ff82616a000 	C:\Windows\System32\rasadhlp.dll
0x00007ff825690000 - 0x00007ff825712000 	C:\WINDOWS\System32\fwpuclnt.dll
0x00007ff832a40000 - 0x00007ff832a67000 	C:\WINDOWS\System32\bcrypt.dll
0x00007ff831fe0000 - 0x00007ff831ff8000 	C:\WINDOWS\SYSTEM32\CRYPTSP.dll
0x00007ff8316a0000 - 0x00007ff8316d4000 	C:\WINDOWS\system32\rsaenh.dll
0x00007ff8324f0000 - 0x00007ff83251e000 	C:\WINDOWS\SYSTEM32\USERENV.dll
0x00007ff832000000 - 0x00007ff83200c000 	C:\WINDOWS\SYSTEM32\CRYPTBASE.dll
0x00007ff8244b0000 - 0x00007ff8244c7000 	C:\WINDOWS\SYSTEM32\dhcpcsvc6.DLL
0x00007ff827100000 - 0x00007ff82711d000 	C:\WINDOWS\SYSTEM32\dhcpcsvc.DLL
0x00007ff82c1e0000 - 0x00007ff82c1f0000 	C:\Users\Ahmed\.p2\pool\plugins\org.eclipse.justj.openjdk.hotspot.jre.full.win32.x86_64_17.0.2.v20220201-1208\jre\bin\verify.dll

dbghelp: loaded successfully - version: 4.0.5 - missing functions: none
symbol engine: initialized successfully - sym options: 0x614 - pdb path: .;C:\Users\Ahmed\.p2\pool\plugins\org.eclipse.justj.openjdk.hotspot.jre.full.win32.x86_64_17.0.2.v20220201-1208\jre\bin;C:\WINDOWS\SYSTEM32;C:\WINDOWS\WinSxS\amd64_microsoft.windows.common-controls_6595b64144ccf1df_6.0.19041.1110_none_60b5254171f9507e;C:\Users\Ahmed\.p2\pool\plugins\org.eclipse.justj.openjdk.hotspot.jre.full.win32.x86_64_17.0.2.v20220201-1208\jre\bin\server;C:\Program Files\Bonjour

VM Arguments:
jvm_args: -ea -Dfile.encoding=Cp1252 -XX:+ShowCodeDetailsInExceptionMessages 
java_command: org.testng.remote.RemoteTestNG -serport 49967 -protocol json -d C:\Users\Ahmed\Desktop\abchallange\storechallange\test-output C:\Users\Ahmed\AppData\Local\Temp\testng-eclipse-1127639282\testng-customsuite.xml
java_class_path (initial): C:\Users\Ahmed\eclipse\java-2022-03\eclipse\configuration\org.eclipse.osgi\433\0\.cp\lib\testng-remote.jar;C:\Users\Ahmed\Desktop\abchallange\storechallange\target\test-classes;C:\Users\Ahmed\Desktop\abchallange\storechallange\target\classes;C:\Users\Ahmed\.m2\repository\org\seleniumhq\selenium\selenium-java\4.0.0-rc-3\selenium-java-4.0.0-rc-3.jar;C:\Users\Ahmed\.m2\repository\org\seleniumhq\selenium\selenium-api\4.0.0-rc-3\selenium-api-4.0.0-rc-3.jar;C:\Users\Ahmed\.m2\repository\org\seleniumhq\selenium\selenium-chrome-driver\4.0.0-rc-3\selenium-chrome-driver-4.0.0-rc-3.jar;C:\Users\Ahmed\.m2\repository\com\google\guava\guava\31.0.1-jre\guava-31.0.1-jre.jar;C:\Users\Ahmed\.m2\repository\com\google\guava\failureaccess\1.0.1\failureaccess-1.0.1.jar;C:\Users\Ahmed\.m2\repository\com\google\guava\listenablefuture\9999.0-empty-to-avoid-conflict-with-guava\listenablefuture-9999.0-empty-to-avoid-conflict-with-guava.jar;C:\Users\Ahmed\.m2\repository\org\checkerframework\checker-qual\3.12.0\checker-qual-3.12.0.jar;C:\Users\Ahmed\.m2\repository\com\google\errorprone\error_prone_annotations\2.7.1\error_prone_annotations-2.7.1.jar;C:\Users\Ahmed\.m2\repository\com\google\j2objc\j2objc-annotations\1.3\j2objc-annotations-1.3.jar;C:\Users\Ahmed\.m2\repository\org\seleniumhq\selenium\selenium-chromium-driver\4.0.0-rc-3\selenium-chromium-driver-4.0.0-rc-3.jar;C:\Users\Ahmed\.m2\repository\org\seleniumhq\selenium\selenium-json\4.0.0-rc-3\selenium-json-4.0.0-rc-3.jar;C:\Users\Ahmed\.m2\repository\org\seleniumhq\selenium\selenium-devtools-v85\4.0.0-rc-3\selenium-devtools-v85-4.0.0-rc-3.jar;C:\Users\Ahmed\.m2\repository\org\seleniumhq\selenium\selenium-devtools-v93\4.0.0-rc-3\selenium-devtools-v93-4.0.0-rc-3.jar;C:\Users\Ahmed\.m2\repository\org\seleniumhq\selenium\selenium-devtools-v94\4.0.0-rc-3\selenium-devtools-v94-4.0.0-rc-3.jar;C:\Users\Ahmed\.m2\repository\org\seleniumhq\selenium\selenium-devtools-v95\4.0.0-rc-3\selenium-devtools-v95-4.0.0-rc-3.jar;C
Launcher Type: SUN_STANDARD

[Global flags]
     intx CICompilerCount                          = 4                                         {product} {ergonomic}
     uint ConcGCThreads                            = 2                                         {product} {ergonomic}
     uint G1ConcRefinementThreads                  = 8                                         {product} {ergonomic}
   size_t G1HeapRegionSize                         = 2097152                                   {product} {ergonomic}
    uintx GCDrainStackTargetSize                   = 64                                        {product} {ergonomic}
   size_t InitialHeapSize                          = 264241152                                 {product} {ergonomic}
   size_t MarkStackSize                            = 4194304                                   {product} {ergonomic}
   size_t MaxHeapSize                              = 4208984064                                {product} {ergonomic}
   size_t MaxNewSize                               = 2524971008                                {product} {ergonomic}
   size_t MinHeapDeltaBytes                        = 2097152                                   {product} {ergonomic}
   size_t MinHeapSize                              = 8388608                                   {product} {ergonomic}
    uintx NonNMethodCodeHeapSize                   = 5839372                                {pd product} {ergonomic}
    uintx NonProfiledCodeHeapSize                  = 122909434                              {pd product} {ergonomic}
    uintx ProfiledCodeHeapSize                     = 122909434                              {pd product} {ergonomic}
    uintx ReservedCodeCacheSize                    = 251658240                              {pd product} {ergonomic}
     bool SegmentedCodeCache                       = true                                      {product} {ergonomic}
     bool ShowCodeDetailsInExceptionMessages       = true                                   {manageable} {command line}
   size_t SoftMaxHeapSize                          = 4208984064                             {manageable} {ergonomic}
     bool UseCompressedClassPointers               = true                           {product lp64_product} {ergonomic}
     bool UseCompressedOops                        = true                           {product lp64_product} {ergonomic}
     bool UseG1GC                                  = true                                      {product} {ergonomic}
     bool UseLargePagesIndividualAllocation        = false                                  {pd product} {ergonomic}

Logging:
Log output configuration:
 #0: stdout all=warning uptime,level,tags
 #1: stderr all=off uptime,level,tags

Environment Variables:
JAVA_HOME=C:\Program Files\Java\jdk-15.0.2
PATH=C:/Users/Ahmed/.p2/pool/plugins/org.eclipse.justj.openjdk.hotspot.jre.full.win32.x86_64_17.0.2.v20220201-1208/jre/bin/server;C:/Users/Ahmed/.p2/pool/plugins/org.eclipse.justj.openjdk.hotspot.jre.full.win32.x86_64_17.0.2.v20220201-1208/jre/bin;C:\Program Files\Common Files\Oracle\Java\javapath;C:\WINDOWS\system32;C:\WINDOWS;C:\WINDOWS\System32\Wbem;C:\WINDOWS\System32\WindowsPowerShell\v1.0\;C:\WINDOWS\System32\OpenSSH\;C:\Program Files\Java\jdk-15.0.2\bin;C:\Program Files\nodejs\;C:\Program Files\Git\cmd;C:\Program Files\apache-maven-3.8.6\bin;C:\Users\Ahmed\AppData\Local\Programs\Python\Python310;C:\Program Files\Amazon\AWSCLIV2\;C:\Users\Ahmed\AppData\Local\Microsoft\WindowsApps;C:\Users\Ahmed\AppData\Roaming\npm;C:\Users\Ahmed\AppData\Local\Programs\Microsoft VS Code\bin;C:\Program Files\JetBrains\IntelliJ IDEA Community Edition 2022.1.1\bin;;;C:\WINDOWS\system32;
USERNAME=Ahmed
OS=Windows_NT
PROCESSOR_IDENTIFIER=Intel64 Family 6 Model 142 Stepping 12, GenuineIntel



---------------  S Y S T E M  ---------------

OS:
 Windows 10 , 64 bit Build 19041 (10.0.19041.2913)
OS uptime: 41 days 6:56 hours

CPU: total 8 (initial active 8) (4 cores per cpu, 2 threads per core) family 6 model 142 stepping 12 microcode 0xf4, cx8, cmov, fxsr, ht, mmx, 3dnowpref, sse, sse2, sse3, ssse3, sse4.1, sse4.2, popcnt, lzcnt, tsc, tscinvbit, avx, avx2, aes, erms, clmul, bmi1, bmi2, adx, fma, vzeroupper, clflush, clflushopt

Memory: 4k page, system-wide physical 16050M (3943M free)
TotalPageFile size 46191M (AvailPageFile size 5M)
current process WorkingSet (physical memory assigned to process): 91M, peak: 91M
current process commit charge ("private bytes"): 360M, peak: 360M

vm_info: OpenJDK 64-Bit Server VM (17.0.2+8) for windows-amd64 JRE (17.0.2+8), built on Jan 20 2022 04:52:34 by "" with MS VC++ 16.7 (VS2019)

END.
